Using pre-set license
Built from '2020.2/release' branch; Version is '2020.2.1f1 (270dd8c3da1c) revision 2559448'; Using compiler version '192528614'; Build Type 'Release'
OS: 'Windows 10  (10.0.0) 64bit' Language: 'en' Physical Memory: 16309 MB
BatchMode: 1, IsHumanControllingUs: 0, StartBugReporterOnCrash: 0, Is64bit: 1, IsPro: 0

 COMMAND LINE ARGUMENTS:
C:\Program Files\Unity\Hub\Editor\2020.2.1f1\Editor\Unity.exe
-adb2
-batchMode
-noUpm
-name
AssetImportWorker0
-projectPath
C:/Users/Frozen/Documents/Glow Pong/Glow Pong
-logFile
Logs/AssetImportWorker0.log
-srvPort
64550
Successfully changed project path to: C:/Users/Frozen/Documents/Glow Pong/Glow Pong
C:/Users/Frozen/Documents/Glow Pong/Glow Pong
Using Asset Import Pipeline V2.
Refreshing native plugins compatible for Editor in 31.34 ms, found 1 plugins.
Preloading 0 native plugins for Editor in 0.00 ms.
Initialize engine version: 2020.2.1f1 (270dd8c3da1c)
[Subsystems] Discovering subsystems at path C:/Program Files/Unity/Hub/Editor/2020.2.1f1/Editor/Data/Resources/UnitySubsystems
[Subsystems] Discovering subsystems at path C:/Users/Frozen/Documents/Glow Pong/Glow Pong/Assets
GfxDevice: creating device client; threaded=0
Direct3D:
    Version:  Direct3D 11.0 [level 11.1]
    Renderer: NVIDIA GeForce RTX 2080 SUPER (ID=0x1e81)
    Vendor:   
    VRAM:     8010 MB
    Driver:   27.21.14.6089
Initialize mono
Mono path[0] = 'C:/Program Files/Unity/Hub/Editor/2020.2.1f1/Editor/Data/Managed'
Mono path[1] = 'C:/Program Files/Unity/Hub/Editor/2020.2.1f1/Editor/Data/MonoBleedingEdge/lib/mono/unityjit'
Mono config path = 'C:/Program Files/Unity/Hub/Editor/2020.2.1f1/Editor/Data/MonoBleedingEdge/etc'
Using monoOptions --debugger-agent=transport=dt_socket,embedding=1,server=y,suspend=n,address=127.0.0.1:56224
Begin MonoManager ReloadAssembly
Registering precompiled unity dll's ...
Register platform support module: C:/Program Files/Unity/Hub/Editor/2020.2.1f1/Editor/Data/PlaybackEngines/WindowsStandaloneSupport/UnityEditor.WindowsStandalone.Extensions.dll
Registered in 0.001400 seconds.
Native extension for WindowsStandalone target not found
Refreshing native plugins compatible for Editor in 31.76 ms, found 1 plugins.
Preloading 0 native plugins for Editor in 0.00 ms.
Invoked RoslynAnalysisRunner static constructor.
RoslynAnalysisRunner will not be running.
RoslynAnalysisRunner has terminated.
Mono: successfully reloaded assembly
- Completed reload, in  1.395 seconds
Platform modules already initialized, skipping
Registering precompiled user dll's ...
Registered in 0.000722 seconds.
Begin MonoManager ReloadAssembly
Native extension for WindowsStandalone target not found
Refreshing native plugins compatible for Editor in 35.67 ms, found 1 plugins.
Preloading 0 native plugins for Editor in 0.00 ms.
Invoked RoslynAnalysisRunner static constructor.
RoslynAnalysisRunner will not be running.
RoslynAnalysisRunner has terminated.
Mono: successfully reloaded assembly
- Completed reload, in  0.755 seconds
Platform modules already initialized, skipping
========================================================================
Worker process is ready to serve import requests
Launched and connected shader compiler UnityShaderCompiler.exe after 0.03 seconds
Refreshing native plugins compatible for Editor in 0.34 ms, found 1 plugins.
Preloading 0 native plugins for Editor in 0.00 ms.
Unloading 1787 Unused Serialized files (Serialized files now loaded: 0)
System memory in use before: 83.5 MB.
System memory in use after: 83.5 MB.

Unloading 24 unused Assets to reduce memory usage. Loaded Objects now: 2226.
Total: 1.783800 ms (FindLiveObjects: 0.192100 ms CreateObjectMapping: 0.044600 ms MarkObjects: 1.449000 ms  DeleteObjects: 0.097200 ms)

========================================================================
Received Import Request.
  path: Assets/Scenes
  artifactKey: Guid(2bd9ad060c6a4e2488936a93c0edd221) Importer(815301076,1909f56bfc062723c751e8b465ee728b)
Start importing Assets/Scenes using Guid(2bd9ad060c6a4e2488936a93c0edd221) Importer(815301076,1909f56bfc062723c751e8b465ee728b)  -> (artifact id: '19836682b8d2b536d24a8563f7e59ede') in 0.007557 seconds
  Import took 0.010195 seconds .

========================================================================
Received Import Request.
  Time since last request: 0.211197 seconds.
  path: Assets
  artifactKey: Guid(00000000000000001000000000000000) Importer(815301076,1909f56bfc062723c751e8b465ee728b)
Start importing Assets using Guid(00000000000000001000000000000000) Importer(815301076,1909f56bfc062723c751e8b465ee728b)  -> (artifact id: 'e1a2c4dac9df7c17871e19a3b74f0e9f') in 0.005308 seconds
  Import took 0.008584 seconds .

========================================================================
Received Import Request.
  Time since last request: 9.447154 seconds.
  path: Assets/Scripts
  artifactKey: Guid(c28d47b212a1e2a4aa86473595b9b413) Importer(815301076,1909f56bfc062723c751e8b465ee728b)
Start importing Assets/Scripts using Guid(c28d47b212a1e2a4aa86473595b9b413) Importer(815301076,1909f56bfc062723c751e8b465ee728b)  -> (artifact id: '3ab2f68ed627c6e9ebe0c3877966ae52') in 0.005980 seconds
  Import took 0.008790 seconds .

========================================================================
Received Import Request.
  Time since last request: 42.056308 seconds.
  path: Assets/Sprites
  artifactKey: Guid(3b936733aeb0191408918cb8881376ca) Importer(815301076,1909f56bfc062723c751e8b465ee728b)
Start importing Assets/Sprites using Guid(3b936733aeb0191408918cb8881376ca) Importer(815301076,1909f56bfc062723c751e8b465ee728b)  -> (artifact id: '9b258d34e99adef6f4cda11a447b0ada') in 0.005748 seconds
  Import took 0.008715 seconds .

AssetImportWorkerClient::OnTransportError - code=2 error=End of file
