Using pre-set license
Built from '2020.2/release' branch; Version is '2020.2.1f1 (270dd8c3da1c) revision 2559448'; Using compiler version '192528614'; Build Type 'Release'
OS: 'Windows 10  (10.0.0) 64bit' Language: 'en' Physical Memory: 16309 MB
BatchMode: 1, IsHumanControllingUs: 0, StartBugReporterOnCrash: 0, Is64bit: 1, IsPro: 0

 COMMAND LINE ARGUMENTS:
C:\Program Files\Unity\Hub\Editor\2020.2.1f1\Editor\Unity.exe
-adb2
-batchMode
-noUpm
-name
AssetImportWorker1
-projectPath
C:/Users/Frozen/Documents/Glow Pong/Glow Pong
-logFile
Logs/AssetImportWorker1.log
-srvPort
51916
Successfully changed project path to: C:/Users/Frozen/Documents/Glow Pong/Glow Pong
C:/Users/Frozen/Documents/Glow Pong/Glow Pong
Using Asset Import Pipeline V2.
Refreshing native plugins compatible for Editor in 32.78 ms, found 1 plugins.
Preloading 0 native plugins for Editor in 0.00 ms.
Initialize engine version: 2020.2.1f1 (270dd8c3da1c)
[Subsystems] Discovering subsystems at path C:/Program Files/Unity/Hub/Editor/2020.2.1f1/Editor/Data/Resources/UnitySubsystems
[Subsystems] Discovering subsystems at path C:/Users/Frozen/Documents/Glow Pong/Glow Pong/Assets
GfxDevice: creating device client; threaded=0
Direct3D:
    Version:  Direct3D 11.0 [level 11.1]
    Renderer: NVIDIA GeForce RTX 2080 SUPER (ID=0x1e81)
    Vendor:   
    VRAM:     8010 MB
    Driver:   27.21.14.6089
Initialize mono
Mono path[0] = 'C:/Program Files/Unity/Hub/Editor/2020.2.1f1/Editor/Data/Managed'
Mono path[1] = 'C:/Program Files/Unity/Hub/Editor/2020.2.1f1/Editor/Data/MonoBleedingEdge/lib/mono/unityjit'
Mono config path = 'C:/Program Files/Unity/Hub/Editor/2020.2.1f1/Editor/Data/MonoBleedingEdge/etc'
Using monoOptions --debugger-agent=transport=dt_socket,embedding=1,server=y,suspend=n,address=127.0.0.1:56240
Begin MonoManager ReloadAssembly
Registering precompiled unity dll's ...
Register platform support module: C:/Program Files/Unity/Hub/Editor/2020.2.1f1/Editor/Data/PlaybackEngines/WindowsStandaloneSupport/UnityEditor.WindowsStandalone.Extensions.dll
Registered in 0.001503 seconds.
Native extension for WindowsStandalone target not found
Refreshing native plugins compatible for Editor in 31.97 ms, found 1 plugins.
Preloading 0 native plugins for Editor in 0.00 ms.
Invoked RoslynAnalysisRunner static constructor.
RoslynAnalysisRunner will not be running.
RoslynAnalysisRunner has terminated.
Mono: successfully reloaded assembly
- Completed reload, in  1.822 seconds
Platform modules already initialized, skipping
Registering precompiled user dll's ...
Registered in 0.000892 seconds.
Begin MonoManager ReloadAssembly
Native extension for WindowsStandalone target not found
Refreshing native plugins compatible for Editor in 43.55 ms, found 1 plugins.
Preloading 0 native plugins for Editor in 0.00 ms.
Invoked RoslynAnalysisRunner static constructor.
RoslynAnalysisRunner will not be running.
RoslynAnalysisRunner has terminated.
Mono: successfully reloaded assembly
- Completed reload, in  0.864 seconds
Platform modules already initialized, skipping
========================================================================
Worker process is ready to serve import requests
Launched and connected shader compiler UnityShaderCompiler.exe after 0.04 seconds
Refreshing native plugins compatible for Editor in 0.35 ms, found 1 plugins.
Preloading 0 native plugins for Editor in 0.00 ms.
Unloading 1792 Unused Serialized files (Serialized files now loaded: 0)
System memory in use before: 83.7 MB.
System memory in use after: 83.7 MB.

Unloading 24 unused Assets to reduce memory usage. Loaded Objects now: 2231.
Total: 1.797900 ms (FindLiveObjects: 0.192300 ms CreateObjectMapping: 0.041200 ms MarkObjects: 1.469400 ms  DeleteObjects: 0.094100 ms)

========================================================================
Received Import Request.
  path: Assets/Scripts/RedGoal.cs
  artifactKey: Guid(095811d888733fa4cb5fe11ec0497e6c) Importer(815301076,1909f56bfc062723c751e8b465ee728b)
Start importing Assets/Scripts/RedGoal.cs using Guid(095811d888733fa4cb5fe11ec0497e6c) Importer(815301076,1909f56bfc062723c751e8b465ee728b)  -> (artifact id: '0bdb4ef4219178468f04044bafee72d3') in 0.026507 seconds
  Import took 0.029900 seconds .

========================================================================
Received Prepare
Registering precompiled user dll's ...
Registered in 0.000911 seconds.
Begin MonoManager ReloadAssembly
Native extension for WindowsStandalone target not found
Refreshing native plugins compatible for Editor in 0.35 ms, found 1 plugins.
Preloading 0 native plugins for Editor in 0.00 ms.
Invoked RoslynAnalysisRunner static constructor.
RoslynAnalysisRunner will not be running.
RoslynAnalysisRunner has terminated.
Mono: successfully reloaded assembly
- Completed reload, in  0.662 seconds
Platform modules already initialized, skipping
Refreshing native plugins compatible for Editor in 0.34 ms, found 1 plugins.
Preloading 0 native plugins for Editor in 0.00 ms.
Unloading 1787 Unused Serialized files (Serialized files now loaded: 0)
System memory in use before: 83.8 MB.
System memory in use after: 83.8 MB.

Unloading 12 unused Assets to reduce memory usage. Loaded Objects now: 2234.
Total: 2.073900 ms (FindLiveObjects: 0.178900 ms CreateObjectMapping: 0.037300 ms MarkObjects: 1.750600 ms  DeleteObjects: 0.106000 ms)

========================================================================
Received Import Request.
  Time since last request: 46.897521 seconds.
  path: Assets/Scripts/RedGoal.cs
  artifactKey: Guid(095811d888733fa4cb5fe11ec0497e6c) Importer(815301076,1909f56bfc062723c751e8b465ee728b)
Start importing Assets/Scripts/RedGoal.cs using Guid(095811d888733fa4cb5fe11ec0497e6c) Importer(815301076,1909f56bfc062723c751e8b465ee728b)  -> (artifact id: '6f090a2b652d56c23ea354a0617a0fd6') in 0.005893 seconds
  Import took 0.013204 seconds .

========================================================================
Received Import Request.
  Time since last request: 61.798169 seconds.
  path: Assets/Scripts/RedGoal.cs
  artifactKey: Guid(095811d888733fa4cb5fe11ec0497e6c) Importer(815301076,1909f56bfc062723c751e8b465ee728b)
Start importing Assets/Scripts/RedGoal.cs using Guid(095811d888733fa4cb5fe11ec0497e6c) Importer(815301076,1909f56bfc062723c751e8b465ee728b)  -> (artifact id: '29756c284000a8d8a67226a38e25bafe') in 0.003004 seconds
  Import took 0.005550 seconds .

========================================================================
Received Prepare
Registering precompiled user dll's ...
Registered in 0.000729 seconds.
Begin MonoManager ReloadAssembly
Native extension for WindowsStandalone target not found
Refreshing native plugins compatible for Editor in 0.40 ms, found 1 plugins.
Preloading 0 native plugins for Editor in 0.00 ms.
Invoked RoslynAnalysisRunner static constructor.
RoslynAnalysisRunner will not be running.
RoslynAnalysisRunner has terminated.
Mono: successfully reloaded assembly
- Completed reload, in  0.724 seconds
Platform modules already initialized, skipping
Refreshing native plugins compatible for Editor in 0.36 ms, found 1 plugins.
Preloading 0 native plugins for Editor in 0.00 ms.
Unloading 1787 Unused Serialized files (Serialized files now loaded: 0)
System memory in use before: 83.9 MB.
System memory in use after: 83.9 MB.

Unloading 12 unused Assets to reduce memory usage. Loaded Objects now: 2237.
Total: 2.118100 ms (FindLiveObjects: 0.230700 ms CreateObjectMapping: 0.040900 ms MarkObjects: 1.748900 ms  DeleteObjects: 0.095600 ms)

========================================================================
Received Prepare
Registering precompiled user dll's ...
Registered in 0.000797 seconds.
Begin MonoManager ReloadAssembly
Native extension for WindowsStandalone target not found
Refreshing native plugins compatible for Editor in 0.34 ms, found 1 plugins.
Preloading 0 native plugins for Editor in 0.00 ms.
Invoked RoslynAnalysisRunner static constructor.
RoslynAnalysisRunner will not be running.
RoslynAnalysisRunner has terminated.
Mono: successfully reloaded assembly
- Completed reload, in  0.675 seconds
Platform modules already initialized, skipping
Refreshing native plugins compatible for Editor in 0.34 ms, found 1 plugins.
Preloading 0 native plugins for Editor in 0.00 ms.
Unloading 1787 Unused Serialized files (Serialized files now loaded: 0)
System memory in use before: 83.9 MB.
System memory in use after: 83.9 MB.

Unloading 12 unused Assets to reduce memory usage. Loaded Objects now: 2240.
Total: 1.920200 ms (FindLiveObjects: 0.208400 ms CreateObjectMapping: 0.036900 ms MarkObjects: 1.578600 ms  DeleteObjects: 0.095500 ms)

========================================================================
Received Import Request.
  Time since last request: 68.068085 seconds.
  path: ProjectSettings/TagManager.asset
  artifactKey: Guid(00000000000000003000000000000000) Importer(815301076,1909f56bfc062723c751e8b465ee728b)
Start importing ProjectSettings/TagManager.asset using Guid(00000000000000003000000000000000) Importer(815301076,1909f56bfc062723c751e8b465ee728b)  -> (artifact id: '2a276bfe1a8cbeea2c89852a4ad7a997') in 0.017781 seconds
  Import took 0.020418 seconds .

========================================================================
Received Prepare
Registering precompiled user dll's ...
Registered in 0.000764 seconds.
Begin MonoManager ReloadAssembly
Native extension for WindowsStandalone target not found
Refreshing native plugins compatible for Editor in 0.35 ms, found 1 plugins.
Preloading 0 native plugins for Editor in 0.00 ms.
Invoked RoslynAnalysisRunner static constructor.
RoslynAnalysisRunner will not be running.
RoslynAnalysisRunner has terminated.
Mono: successfully reloaded assembly
- Completed reload, in  0.677 seconds
Platform modules already initialized, skipping
Refreshing native plugins compatible for Editor in 0.35 ms, found 1 plugins.
Preloading 0 native plugins for Editor in 0.00 ms.
Unloading 1787 Unused Serialized files (Serialized files now loaded: 0)
System memory in use before: 84.0 MB.
System memory in use after: 84.0 MB.

Unloading 13 unused Assets to reduce memory usage. Loaded Objects now: 2243.
Total: 1.783000 ms (FindLiveObjects: 0.188500 ms CreateObjectMapping: 0.037400 ms MarkObjects: 1.467400 ms  DeleteObjects: 0.088500 ms)

========================================================================
Received Prepare
Registering precompiled user dll's ...
Registered in 0.000774 seconds.
Begin MonoManager ReloadAssembly
Native extension for WindowsStandalone target not found
Refreshing native plugins compatible for Editor in 0.35 ms, found 1 plugins.
Preloading 0 native plugins for Editor in 0.00 ms.
Invoked RoslynAnalysisRunner static constructor.
RoslynAnalysisRunner will not be running.
RoslynAnalysisRunner has terminated.
Mono: successfully reloaded assembly
- Completed reload, in  0.673 seconds
Platform modules already initialized, skipping
Refreshing native plugins compatible for Editor in 0.34 ms, found 1 plugins.
Preloading 0 native plugins for Editor in 0.00 ms.
Unloading 1787 Unused Serialized files (Serialized files now loaded: 0)
System memory in use before: 84.1 MB.
System memory in use after: 84.1 MB.

Unloading 12 unused Assets to reduce memory usage. Loaded Objects now: 2246.
Total: 1.692000 ms (FindLiveObjects: 0.175800 ms CreateObjectMapping: 0.038400 ms MarkObjects: 1.392900 ms  DeleteObjects: 0.084100 ms)

========================================================================
Received Prepare
Registering precompiled user dll's ...
Registered in 0.000781 seconds.
Begin MonoManager ReloadAssembly
Native extension for WindowsStandalone target not found
Refreshing native plugins compatible for Editor in 0.35 ms, found 1 plugins.
Preloading 0 native plugins for Editor in 0.00 ms.
Invoked RoslynAnalysisRunner static constructor.
RoslynAnalysisRunner will not be running.
RoslynAnalysisRunner has terminated.
Mono: successfully reloaded assembly
- Completed reload, in  0.671 seconds
Platform modules already initialized, skipping
Refreshing native plugins compatible for Editor in 0.60 ms, found 1 plugins.
Preloading 0 native plugins for Editor in 0.00 ms.
Unloading 1787 Unused Serialized files (Serialized files now loaded: 0)
System memory in use before: 84.1 MB.
System memory in use after: 84.1 MB.

Unloading 12 unused Assets to reduce memory usage. Loaded Objects now: 2249.
Total: 1.725500 ms (FindLiveObjects: 0.187200 ms CreateObjectMapping: 0.038500 ms MarkObjects: 1.419200 ms  DeleteObjects: 0.079600 ms)

========================================================================
Received Prepare
Registering precompiled user dll's ...
Registered in 0.000788 seconds.
Begin MonoManager ReloadAssembly
Native extension for WindowsStandalone target not found
Refreshing native plugins compatible for Editor in 0.35 ms, found 1 plugins.
Preloading 0 native plugins for Editor in 0.00 ms.
Invoked RoslynAnalysisRunner static constructor.
RoslynAnalysisRunner will not be running.
RoslynAnalysisRunner has terminated.
Mono: successfully reloaded assembly
- Completed reload, in  0.675 seconds
Platform modules already initialized, skipping
Refreshing native plugins compatible for Editor in 0.35 ms, found 1 plugins.
Preloading 0 native plugins for Editor in 0.00 ms.
Unloading 1787 Unused Serialized files (Serialized files now loaded: 0)
System memory in use before: 84.2 MB.
System memory in use after: 84.2 MB.

Unloading 12 unused Assets to reduce memory usage. Loaded Objects now: 2252.
Total: 1.875000 ms (FindLiveObjects: 0.211900 ms CreateObjectMapping: 0.039200 ms MarkObjects: 1.534500 ms  DeleteObjects: 0.088600 ms)

========================================================================
Received Prepare
Registering precompiled user dll's ...
Registered in 0.000763 seconds.
Begin MonoManager ReloadAssembly
Native extension for WindowsStandalone target not found
Refreshing native plugins compatible for Editor in 0.35 ms, found 1 plugins.
Preloading 0 native plugins for Editor in 0.00 ms.
Invoked RoslynAnalysisRunner static constructor.
RoslynAnalysisRunner will not be running.
RoslynAnalysisRunner has terminated.
Mono: successfully reloaded assembly
- Completed reload, in  0.683 seconds
Platform modules already initialized, skipping
Refreshing native plugins compatible for Editor in 0.34 ms, found 1 plugins.
Preloading 0 native plugins for Editor in 0.00 ms.
Unloading 1787 Unused Serialized files (Serialized files now loaded: 0)
System memory in use before: 84.2 MB.
System memory in use after: 84.2 MB.

Unloading 12 unused Assets to reduce memory usage. Loaded Objects now: 2255.
Total: 1.712500 ms (FindLiveObjects: 0.172900 ms CreateObjectMapping: 0.038000 ms MarkObjects: 1.420000 ms  DeleteObjects: 0.080600 ms)

========================================================================
Received Import Request.
  Time since last request: 608.885532 seconds.
  path: Assets/Scripts/GameController.cs
  artifactKey: Guid(336809b4a48170441a0438a30fcde511) Importer(815301076,1909f56bfc062723c751e8b465ee728b)
Start importing Assets/Scripts/GameController.cs using Guid(336809b4a48170441a0438a30fcde511) Importer(815301076,1909f56bfc062723c751e8b465ee728b)  -> (artifact id: 'a4bd813ac3114286d073e268c206c48c') in 0.004322 seconds
  Import took 0.012286 seconds .

========================================================================
Received Import Request.
  Time since last request: 0.275450 seconds.
  path: Assets/Scripts/RedGoal.cs
  artifactKey: Guid(095811d888733fa4cb5fe11ec0497e6c) Importer(815301076,1909f56bfc062723c751e8b465ee728b)
Start importing Assets/Scripts/RedGoal.cs using Guid(095811d888733fa4cb5fe11ec0497e6c) Importer(815301076,1909f56bfc062723c751e8b465ee728b)  -> (artifact id: 'c15b005eb340d73a73ba55b0433e6c1f') in 0.003207 seconds
  Import took 0.006088 seconds .

========================================================================
Received Import Request.
  Time since last request: 0.000333 seconds.
  path: Assets/Scripts/RedGoal.cs
  artifactKey: Guid(095811d888733fa4cb5fe11ec0497e6c) Importer(815301076,1909f56bfc062723c751e8b465ee728b)
Start importing Assets/Scripts/RedGoal.cs using Guid(095811d888733fa4cb5fe11ec0497e6c) Importer(815301076,1909f56bfc062723c751e8b465ee728b)  -> (artifact id: 'c15b005eb340d73a73ba55b0433e6c1f') in 0.002990 seconds
  Import took 0.005100 seconds .

========================================================================
Received Import Request.
  Time since last request: 9.979214 seconds.
  path: Assets/Scripts/BlueGoal.cs
  artifactKey: Guid(67fc0efb9d8f50647ab865bef4f8c168) Importer(815301076,1909f56bfc062723c751e8b465ee728b)
Start importing Assets/Scripts/BlueGoal.cs using Guid(67fc0efb9d8f50647ab865bef4f8c168) Importer(815301076,1909f56bfc062723c751e8b465ee728b)  -> (artifact id: 'a6a53157d90be3ef3604e4be14383fa4') in 0.008112 seconds
  Import took 0.011282 seconds .

========================================================================
Received Prepare
Registering precompiled user dll's ...
Registered in 0.000760 seconds.
Begin MonoManager ReloadAssembly
Native extension for WindowsStandalone target not found
Refreshing native plugins compatible for Editor in 0.35 ms, found 1 plugins.
Preloading 0 native plugins for Editor in 0.00 ms.
Invoked RoslynAnalysisRunner static constructor.
RoslynAnalysisRunner will not be running.
RoslynAnalysisRunner has terminated.
Mono: successfully reloaded assembly
- Completed reload, in  0.687 seconds
Platform modules already initialized, skipping
Refreshing native plugins compatible for Editor in 0.34 ms, found 1 plugins.
Preloading 0 native plugins for Editor in 0.00 ms.
Unloading 1788 Unused Serialized files (Serialized files now loaded: 0)
System memory in use before: 84.3 MB.
System memory in use after: 84.3 MB.

Unloading 12 unused Assets to reduce memory usage. Loaded Objects now: 2259.
Total: 1.781600 ms (FindLiveObjects: 0.213500 ms CreateObjectMapping: 0.038300 ms MarkObjects: 1.436200 ms  DeleteObjects: 0.092400 ms)

========================================================================
Received Prepare
Registering precompiled user dll's ...
Registered in 0.000748 seconds.
Begin MonoManager ReloadAssembly
Native extension for WindowsStandalone target not found
Refreshing native plugins compatible for Editor in 0.36 ms, found 1 plugins.
Preloading 0 native plugins for Editor in 0.00 ms.
Invoked RoslynAnalysisRunner static constructor.
RoslynAnalysisRunner will not be running.
RoslynAnalysisRunner has terminated.
Mono: successfully reloaded assembly
- Completed reload, in  0.674 seconds
Platform modules already initialized, skipping
Refreshing native plugins compatible for Editor in 0.34 ms, found 1 plugins.
Preloading 0 native plugins for Editor in 0.00 ms.
Unloading 1788 Unused Serialized files (Serialized files now loaded: 0)
System memory in use before: 84.4 MB.
System memory in use after: 84.4 MB.

Unloading 12 unused Assets to reduce memory usage. Loaded Objects now: 2262.
Total: 1.942400 ms (FindLiveObjects: 0.176400 ms CreateObjectMapping: 0.038800 ms MarkObjects: 1.643000 ms  DeleteObjects: 0.083100 ms)

========================================================================
Received Import Request.
  Time since last request: 77.800989 seconds.
  path: Assets/Scripts/BlueGoal.cs
  artifactKey: Guid(67fc0efb9d8f50647ab865bef4f8c168) Importer(815301076,1909f56bfc062723c751e8b465ee728b)
Start importing Assets/Scripts/BlueGoal.cs using Guid(67fc0efb9d8f50647ab865bef4f8c168) Importer(815301076,1909f56bfc062723c751e8b465ee728b)  -> (artifact id: '7d509e177a1d39d52bc0c9a4c9eb5b7d') in 0.005991 seconds
  Import took 0.008350 seconds .

========================================================================
Received Prepare
Registering precompiled user dll's ...
Registered in 0.000796 seconds.
Begin MonoManager ReloadAssembly
Native extension for WindowsStandalone target not found
Refreshing native plugins compatible for Editor in 0.35 ms, found 1 plugins.
Preloading 0 native plugins for Editor in 0.00 ms.
Invoked RoslynAnalysisRunner static constructor.
RoslynAnalysisRunner will not be running.
RoslynAnalysisRunner has terminated.
Mono: successfully reloaded assembly
- Completed reload, in  0.666 seconds
Platform modules already initialized, skipping
Refreshing native plugins compatible for Editor in 0.34 ms, found 1 plugins.
Preloading 0 native plugins for Editor in 0.00 ms.
Unloading 1788 Unused Serialized files (Serialized files now loaded: 0)
System memory in use before: 84.4 MB.
System memory in use after: 84.4 MB.

Unloading 12 unused Assets to reduce memory usage. Loaded Objects now: 2265.
Total: 1.942000 ms (FindLiveObjects: 0.209100 ms CreateObjectMapping: 0.039100 ms MarkObjects: 1.598400 ms  DeleteObjects: 0.094300 ms)

========================================================================
Received Prepare
Registering precompiled user dll's ...
Registered in 0.000809 seconds.
Begin MonoManager ReloadAssembly
Native extension for WindowsStandalone target not found
Refreshing native plugins compatible for Editor in 0.36 ms, found 1 plugins.
Preloading 0 native plugins for Editor in 0.00 ms.
Invoked RoslynAnalysisRunner static constructor.
RoslynAnalysisRunner will not be running.
RoslynAnalysisRunner has terminated.
Mono: successfully reloaded assembly
- Completed reload, in  0.671 seconds
Platform modules already initialized, skipping
Refreshing native plugins compatible for Editor in 0.35 ms, found 1 plugins.
Preloading 0 native plugins for Editor in 0.00 ms.
Unloading 1788 Unused Serialized files (Serialized files now loaded: 0)
System memory in use before: 84.5 MB.
System memory in use after: 84.5 MB.

Unloading 12 unused Assets to reduce memory usage. Loaded Objects now: 2268.
Total: 1.735500 ms (FindLiveObjects: 0.180000 ms CreateObjectMapping: 0.037100 ms MarkObjects: 1.436900 ms  DeleteObjects: 0.080500 ms)

========================================================================
Received Import Request.
  Time since last request: 1976.921855 seconds.
  path: Assets/Autobus.fontsettings
  artifactKey: Guid(155387bcd44ced844beda8dfd08f778d) Importer(815301076,1909f56bfc062723c751e8b465ee728b)
Start importing Assets/Autobus.fontsettings using Guid(155387bcd44ced844beda8dfd08f778d) Importer(815301076,1909f56bfc062723c751e8b465ee728b)  -> (artifact id: 'a75581f5069ba7fbd3a7b015c0129f97') in 0.017352 seconds
  Import took 0.020353 seconds .

========================================================================
Received Import Request.
  Time since last request: 92.994562 seconds.
  path: Assets/aAutobusOmnibus.otf
  artifactKey: Guid(301a488f884e62342ba54db37723a215) Importer(815301076,1909f56bfc062723c751e8b465ee728b)
Start importing Assets/aAutobusOmnibus.otf using Guid(301a488f884e62342ba54db37723a215) Importer(815301076,1909f56bfc062723c751e8b465ee728b)  -> (artifact id: 'bb277d755bcf6e8611064f034abb1278') in 0.076437 seconds
  Import took 0.079145 seconds .

========================================================================
Received Import Request.
  Time since last request: 0.000183 seconds.
  path: Assets/aAutobusOmnibus.ttf
  artifactKey: Guid(adf3cee313669704cbdff61ddb4b22c0) Importer(815301076,1909f56bfc062723c751e8b465ee728b)
Start importing Assets/aAutobusOmnibus.ttf using Guid(adf3cee313669704cbdff61ddb4b22c0) Importer(815301076,1909f56bfc062723c751e8b465ee728b)  -> (artifact id: '3c50fe32f5ca047f2e61f6c48ed8adcd') in 0.008732 seconds
  Import took 0.011720 seconds .

========================================================================
Received Prepare
Registering precompiled user dll's ...
Registered in 0.000799 seconds.
Begin MonoManager ReloadAssembly
Native extension for WindowsStandalone target not found
Refreshing native plugins compatible for Editor in 0.38 ms, found 1 plugins.
Preloading 0 native plugins for Editor in 0.00 ms.
Invoked RoslynAnalysisRunner static constructor.
RoslynAnalysisRunner will not be running.
RoslynAnalysisRunner has terminated.
Mono: successfully reloaded assembly
- Completed reload, in  0.718 seconds
Platform modules already initialized, skipping
Refreshing native plugins compatible for Editor in 0.35 ms, found 1 plugins.
Preloading 0 native plugins for Editor in 0.00 ms.
Unloading 1788 Unused Serialized files (Serialized files now loaded: 0)
System memory in use before: 88.0 MB.
System memory in use after: 88.0 MB.

Unloading 12 unused Assets to reduce memory usage. Loaded Objects now: 2315.
Total: 1.799400 ms (FindLiveObjects: 0.203200 ms CreateObjectMapping: 0.038900 ms MarkObjects: 1.480400 ms  DeleteObjects: 0.076100 ms)

========================================================================
Received Prepare
Registering precompiled user dll's ...
Registered in 0.000902 seconds.
Begin MonoManager ReloadAssembly
Native extension for WindowsStandalone target not found
Refreshing native plugins compatible for Editor in 0.35 ms, found 1 plugins.
Preloading 0 native plugins for Editor in 0.00 ms.
Invoked RoslynAnalysisRunner static constructor.
RoslynAnalysisRunner will not be running.
RoslynAnalysisRunner has terminated.
Mono: successfully reloaded assembly
- Completed reload, in  0.673 seconds
Platform modules already initialized, skipping
Refreshing native plugins compatible for Editor in 0.39 ms, found 1 plugins.
Preloading 0 native plugins for Editor in 0.00 ms.
Unloading 1788 Unused Serialized files (Serialized files now loaded: 0)
System memory in use before: 88.1 MB.
System memory in use after: 88.1 MB.

Unloading 12 unused Assets to reduce memory usage. Loaded Objects now: 2318.
Total: 1.952200 ms (FindLiveObjects: 0.259200 ms CreateObjectMapping: 0.061000 ms MarkObjects: 1.542500 ms  DeleteObjects: 0.088300 ms)

========================================================================
Received Import Request.
  Time since last request: 420.261982 seconds.
  path: Assets/Sprites/Score Card.png
  artifactKey: Guid(04d0d795eb0204d449fdaaa238dc0b32) Importer(815301076,1909f56bfc062723c751e8b465ee728b)
Start importing Assets/Sprites/Score Card.png using Guid(04d0d795eb0204d449fdaaa238dc0b32) Importer(815301076,1909f56bfc062723c751e8b465ee728b)  -> (artifact id: '9273ba8550ab37a7349ce8af9df55e13') in 0.074326 seconds
  Import took 0.082302 seconds .

========================================================================
Received Prepare
Registering precompiled user dll's ...
Registered in 0.000799 seconds.
Begin MonoManager ReloadAssembly
Native extension for WindowsStandalone target not found
Refreshing native plugins compatible for Editor in 0.35 ms, found 1 plugins.
Preloading 0 native plugins for Editor in 0.00 ms.
Invoked RoslynAnalysisRunner static constructor.
RoslynAnalysisRunner will not be running.
RoslynAnalysisRunner has terminated.
Mono: successfully reloaded assembly
- Completed reload, in  0.704 seconds
Platform modules already initialized, skipping
Refreshing native plugins compatible for Editor in 0.28 ms, found 1 plugins.
Preloading 0 native plugins for Editor in 0.00 ms.
Unloading 1801 Unused Serialized files (Serialized files now loaded: 0)
System memory in use before: 89.8 MB.
System memory in use after: 89.2 MB.

Unloading 25 unused Assets to reduce memory usage. Loaded Objects now: 2325.
Total: 2.099200 ms (FindLiveObjects: 0.205200 ms CreateObjectMapping: 0.043900 ms MarkObjects: 1.547700 ms  DeleteObjects: 0.301500 ms)

========================================================================
Received Prepare
Registering precompiled user dll's ...
Registered in 0.000752 seconds.
Begin MonoManager ReloadAssembly
Native extension for WindowsStandalone target not found
Refreshing native plugins compatible for Editor in 0.32 ms, found 1 plugins.
Preloading 0 native plugins for Editor in 0.00 ms.
Invoked RoslynAnalysisRunner static constructor.
RoslynAnalysisRunner will not be running.
RoslynAnalysisRunner has terminated.
Mono: successfully reloaded assembly
- Completed reload, in  0.694 seconds
Platform modules already initialized, skipping
Refreshing native plugins compatible for Editor in 0.34 ms, found 1 plugins.
Preloading 0 native plugins for Editor in 0.00 ms.
Unloading 1801 Unused Serialized files (Serialized files now loaded: 0)
System memory in use before: 89.9 MB.
System memory in use after: 89.3 MB.

Unloading 25 unused Assets to reduce memory usage. Loaded Objects now: 2328.
Total: 1.999500 ms (FindLiveObjects: 0.183500 ms CreateObjectMapping: 0.038900 ms MarkObjects: 1.442700 ms  DeleteObjects: 0.333500 ms)

========================================================================
Received Prepare
Registering precompiled user dll's ...
Registered in 0.000757 seconds.
Begin MonoManager ReloadAssembly
Native extension for WindowsStandalone target not found
Refreshing native plugins compatible for Editor in 0.38 ms, found 1 plugins.
Preloading 0 native plugins for Editor in 0.00 ms.
Invoked RoslynAnalysisRunner static constructor.
RoslynAnalysisRunner will not be running.
RoslynAnalysisRunner has terminated.
Mono: successfully reloaded assembly
- Completed reload, in  0.663 seconds
Platform modules already initialized, skipping
Refreshing native plugins compatible for Editor in 0.37 ms, found 1 plugins.
Preloading 0 native plugins for Editor in 0.00 ms.
Unloading 1801 Unused Serialized files (Serialized files now loaded: 0)
System memory in use before: 90.0 MB.
System memory in use after: 89.4 MB.

Unloading 25 unused Assets to reduce memory usage. Loaded Objects now: 2331.
Total: 2.011100 ms (FindLiveObjects: 0.214400 ms CreateObjectMapping: 0.038100 ms MarkObjects: 1.431600 ms  DeleteObjects: 0.326000 ms)

========================================================================
Received Prepare
Registering precompiled user dll's ...
Registered in 0.000777 seconds.
Begin MonoManager ReloadAssembly
Native extension for WindowsStandalone target not found
Refreshing native plugins compatible for Editor in 0.36 ms, found 1 plugins.
Preloading 0 native plugins for Editor in 0.00 ms.
Invoked RoslynAnalysisRunner static constructor.
RoslynAnalysisRunner will not be running.
RoslynAnalysisRunner has terminated.
Mono: successfully reloaded assembly
- Completed reload, in  0.669 seconds
Platform modules already initialized, skipping
Refreshing native plugins compatible for Editor in 0.35 ms, found 1 plugins.
Preloading 0 native plugins for Editor in 0.00 ms.
Unloading 1801 Unused Serialized files (Serialized files now loaded: 0)
System memory in use before: 90.0 MB.
System memory in use after: 89.4 MB.

Unloading 25 unused Assets to reduce memory usage. Loaded Objects now: 2334.
Total: 2.016500 ms (FindLiveObjects: 0.211400 ms CreateObjectMapping: 0.042300 ms MarkObjects: 1.427100 ms  DeleteObjects: 0.334700 ms)

========================================================================
Received Prepare
Registering precompiled user dll's ...
Registered in 0.000856 seconds.
Begin MonoManager ReloadAssembly
Native extension for WindowsStandalone target not found
Refreshing native plugins compatible for Editor in 0.35 ms, found 1 plugins.
Preloading 0 native plugins for Editor in 0.00 ms.
Invoked RoslynAnalysisRunner static constructor.
RoslynAnalysisRunner will not be running.
RoslynAnalysisRunner has terminated.
Mono: successfully reloaded assembly
- Completed reload, in  0.683 seconds
Platform modules already initialized, skipping
Refreshing native plugins compatible for Editor in 0.35 ms, found 1 plugins.
Preloading 0 native plugins for Editor in 0.00 ms.
Unloading 1801 Unused Serialized files (Serialized files now loaded: 0)
System memory in use before: 90.1 MB.
System memory in use after: 89.5 MB.

Unloading 25 unused Assets to reduce memory usage. Loaded Objects now: 2337.
Total: 2.187700 ms (FindLiveObjects: 0.228700 ms CreateObjectMapping: 0.040900 ms MarkObjects: 1.589800 ms  DeleteObjects: 0.327600 ms)

========================================================================
Received Prepare
Registering precompiled user dll's ...
Registered in 0.000892 seconds.
Begin MonoManager ReloadAssembly
Native extension for WindowsStandalone target not found
Refreshing native plugins compatible for Editor in 0.38 ms, found 1 plugins.
Preloading 0 native plugins for Editor in 0.00 ms.
Invoked RoslynAnalysisRunner static constructor.
RoslynAnalysisRunner will not be running.
RoslynAnalysisRunner has terminated.
Mono: successfully reloaded assembly
- Completed reload, in  0.733 seconds
Platform modules already initialized, skipping
Refreshing native plugins compatible for Editor in 0.37 ms, found 1 plugins.
Preloading 0 native plugins for Editor in 0.00 ms.
Unloading 1801 Unused Serialized files (Serialized files now loaded: 0)
System memory in use before: 90.1 MB.
System memory in use after: 89.6 MB.

Unloading 25 unused Assets to reduce memory usage. Loaded Objects now: 2340.
Total: 2.164000 ms (FindLiveObjects: 0.265400 ms CreateObjectMapping: 0.039700 ms MarkObjects: 1.512600 ms  DeleteObjects: 0.345600 ms)

========================================================================
Received Prepare
Registering precompiled user dll's ...
Registered in 0.000766 seconds.
Begin MonoManager ReloadAssembly
Native extension for WindowsStandalone target not found
Refreshing native plugins compatible for Editor in 0.38 ms, found 1 plugins.
Preloading 0 native plugins for Editor in 0.00 ms.
Invoked RoslynAnalysisRunner static constructor.
RoslynAnalysisRunner will not be running.
RoslynAnalysisRunner has terminated.
Mono: successfully reloaded assembly
- Completed reload, in  0.740 seconds
Platform modules already initialized, skipping
Refreshing native plugins compatible for Editor in 0.35 ms, found 1 plugins.
Preloading 0 native plugins for Editor in 0.00 ms.
Unloading 1801 Unused Serialized files (Serialized files now loaded: 0)
System memory in use before: 90.2 MB.
System memory in use after: 89.6 MB.

Unloading 25 unused Assets to reduce memory usage. Loaded Objects now: 2343.
Total: 2.241700 ms (FindLiveObjects: 0.212400 ms CreateObjectMapping: 0.042600 ms MarkObjects: 1.661500 ms  DeleteObjects: 0.324400 ms)

========================================================================
Received Import Request.
  Time since last request: 5952.363632 seconds.
  path: Assets/Sprites/Green Border.png
  artifactKey: Guid(c8bb080e4574a8241a919b0eeaef30a0) Importer(815301076,1909f56bfc062723c751e8b465ee728b)
Start importing Assets/Sprites/Green Border.png using Guid(c8bb080e4574a8241a919b0eeaef30a0) Importer(815301076,1909f56bfc062723c751e8b465ee728b)  -> (artifact id: 'ceb558a0f2345b72f85ea943f4d38693') in 0.075781 seconds
  Import took 0.079777 seconds .

========================================================================
Received Prepare
Registering precompiled user dll's ...
Registered in 0.000816 seconds.
Begin MonoManager ReloadAssembly
Native extension for WindowsStandalone target not found
Refreshing native plugins compatible for Editor in 0.36 ms, found 1 plugins.
Preloading 0 native plugins for Editor in 0.00 ms.
Invoked RoslynAnalysisRunner static constructor.
RoslynAnalysisRunner will not be running.
RoslynAnalysisRunner has terminated.
Mono: successfully reloaded assembly
- Completed reload, in  0.667 seconds
Platform modules already initialized, skipping
Refreshing native plugins compatible for Editor in 0.34 ms, found 1 plugins.
Preloading 0 native plugins for Editor in 0.00 ms.
Unloading 1801 Unused Serialized files (Serialized files now loaded: 0)
System memory in use before: 90.3 MB.
System memory in use after: 89.7 MB.

Unloading 25 unused Assets to reduce memory usage. Loaded Objects now: 2347.
Total: 2.195300 ms (FindLiveObjects: 0.214600 ms CreateObjectMapping: 0.043900 ms MarkObjects: 1.606000 ms  DeleteObjects: 0.329700 ms)

========================================================================
Received Prepare
Registering precompiled user dll's ...
Registered in 0.000784 seconds.
Begin MonoManager ReloadAssembly
Native extension for WindowsStandalone target not found
Refreshing native plugins compatible for Editor in 0.53 ms, found 1 plugins.
Preloading 0 native plugins for Editor in 0.00 ms.
Invoked RoslynAnalysisRunner static constructor.
RoslynAnalysisRunner will not be running.
RoslynAnalysisRunner has terminated.
Mono: successfully reloaded assembly
- Completed reload, in  0.688 seconds
Platform modules already initialized, skipping
Refreshing native plugins compatible for Editor in 0.35 ms, found 1 plugins.
Preloading 0 native plugins for Editor in 0.00 ms.
Unloading 1801 Unused Serialized files (Serialized files now loaded: 0)
System memory in use before: 90.3 MB.
System memory in use after: 89.8 MB.

Unloading 25 unused Assets to reduce memory usage. Loaded Objects now: 2350.
Total: 2.155100 ms (FindLiveObjects: 0.220200 ms CreateObjectMapping: 0.039100 ms MarkObjects: 1.557200 ms  DeleteObjects: 0.337800 ms)

========================================================================
Received Prepare
Registering precompiled user dll's ...
Registered in 0.000696 seconds.
Begin MonoManager ReloadAssembly
Native extension for WindowsStandalone target not found
Refreshing native plugins compatible for Editor in 0.35 ms, found 1 plugins.
Preloading 0 native plugins for Editor in 0.00 ms.
Invoked RoslynAnalysisRunner static constructor.
RoslynAnalysisRunner will not be running.
RoslynAnalysisRunner has terminated.
Mono: successfully reloaded assembly
- Completed reload, in  0.686 seconds
Platform modules already initialized, skipping
Refreshing native plugins compatible for Editor in 0.36 ms, found 1 plugins.
Preloading 0 native plugins for Editor in 0.00 ms.
Unloading 1801 Unused Serialized files (Serialized files now loaded: 0)
System memory in use before: 90.4 MB.
System memory in use after: 89.8 MB.

Unloading 25 unused Assets to reduce memory usage. Loaded Objects now: 2353.
Total: 2.033900 ms (FindLiveObjects: 0.191000 ms CreateObjectMapping: 0.039000 ms MarkObjects: 1.428800 ms  DeleteObjects: 0.374200 ms)

========================================================================
Received Prepare
Registering precompiled user dll's ...
Registered in 0.000883 seconds.
Begin MonoManager ReloadAssembly
Native extension for WindowsStandalone target not found
Refreshing native plugins compatible for Editor in 0.35 ms, found 1 plugins.
Preloading 0 native plugins for Editor in 0.00 ms.
Invoked RoslynAnalysisRunner static constructor.
RoslynAnalysisRunner will not be running.
RoslynAnalysisRunner has terminated.
Mono: successfully reloaded assembly
- Completed reload, in  0.688 seconds
Platform modules already initialized, skipping
Refreshing native plugins compatible for Editor in 0.34 ms, found 1 plugins.
Preloading 0 native plugins for Editor in 0.00 ms.
Unloading 1801 Unused Serialized files (Serialized files now loaded: 0)
System memory in use before: 90.5 MB.
System memory in use after: 89.9 MB.

Unloading 25 unused Assets to reduce memory usage. Loaded Objects now: 2356.
Total: 2.071200 ms (FindLiveObjects: 0.207900 ms CreateObjectMapping: 0.040300 ms MarkObjects: 1.485900 ms  DeleteObjects: 0.336000 ms)

========================================================================
Received Import Request.
  Time since last request: 833.201784 seconds.
  path: Assets/Scenes/MainMenu.unity
  artifactKey: Guid(0ebab265c35311c4eab198d3a3596fe4) Importer(815301076,1909f56bfc062723c751e8b465ee728b)
Start importing Assets/Scenes/MainMenu.unity using Guid(0ebab265c35311c4eab198d3a3596fe4) Importer(815301076,1909f56bfc062723c751e8b465ee728b)  -> (artifact id: '003ccf72aa7e7040dcece4099338d5e6') in 0.015047 seconds
  Import took 0.018368 seconds .

========================================================================
Received Import Request.
  Time since last request: 398.517717 seconds.
  path: Assets/download (3).jpg
  artifactKey: Guid(5f5128c7d177e964c814034c498b7d86) Importer(815301076,1909f56bfc062723c751e8b465ee728b)
Start importing Assets/download (3).jpg using Guid(5f5128c7d177e964c814034c498b7d86) Importer(815301076,1909f56bfc062723c751e8b465ee728b)  -> (artifact id: '7a3be407abc2c77a87449b88adddc72a') in 0.043010 seconds
  Import took 0.046692 seconds .

========================================================================
Received Import Request.
  Time since last request: 177.986919 seconds.
  path: Assets/coollogo_com-98131383.png
  artifactKey: Guid(b85e0caa198d7434a88b73d3a4d30595) Importer(815301076,1909f56bfc062723c751e8b465ee728b)
Start importing Assets/coollogo_com-98131383.png using Guid(b85e0caa198d7434a88b73d3a4d30595) Importer(815301076,1909f56bfc062723c751e8b465ee728b)  -> (artifact id: 'e938080a3e5ad22b64f45bbed47254ab') in 0.015811 seconds
  Import took 0.019471 seconds .

========================================================================
Received Import Request.
  Time since last request: 82.399181 seconds.
  path: Assets/coollogo_com-188322571.png
  artifactKey: Guid(29cdbf55bbebf2945baece0fd2958a74) Importer(815301076,1909f56bfc062723c751e8b465ee728b)
Start importing Assets/coollogo_com-188322571.png using Guid(29cdbf55bbebf2945baece0fd2958a74) Importer(815301076,1909f56bfc062723c751e8b465ee728b)  -> (artifact id: '8edf44a5da33b34808c088d850d43796') in 0.010010 seconds
  Import took 0.012914 seconds .

========================================================================
Received Import Request.
  Time since last request: 0.002501 seconds.
  path: Assets/coollogo_com-188322571.png
  artifactKey: Guid(29cdbf55bbebf2945baece0fd2958a74) Importer(815301076,1909f56bfc062723c751e8b465ee728b)
Start importing Assets/coollogo_com-188322571.png using Guid(29cdbf55bbebf2945baece0fd2958a74) Importer(815301076,1909f56bfc062723c751e8b465ee728b)  -> (artifact id: '8edf44a5da33b34808c088d850d43796') in 0.009439 seconds
  Import took 0.011932 seconds .

========================================================================
Received Import Request.
  Time since last request: 84.636150 seconds.
  path: Assets/coollogo_com-203623364.png
  artifactKey: Guid(68dc5aae46cdaf244a68580583780aa7) Importer(815301076,1909f56bfc062723c751e8b465ee728b)
Start importing Assets/coollogo_com-203623364.png using Guid(68dc5aae46cdaf244a68580583780aa7) Importer(815301076,1909f56bfc062723c751e8b465ee728b)  -> (artifact id: 'b364523459eb6f787cf182fef13b0f83') in 0.009958 seconds
  Import took 0.013244 seconds .

========================================================================
Received Import Request.
  Time since last request: 204.201931 seconds.
  path: Assets/neon_play.png
  artifactKey: Guid(b636367fb4b05c94a9135e84df28b482) Importer(815301076,1909f56bfc062723c751e8b465ee728b)
Start importing Assets/neon_play.png using Guid(b636367fb4b05c94a9135e84df28b482) Importer(815301076,1909f56bfc062723c751e8b465ee728b)  -> (artifact id: 'e5bd832b27b008098528a992df87e81b') in 0.024483 seconds
  Import took 0.027932 seconds .

========================================================================
Received Import Request.
  Time since last request: 1.551489 seconds.
  path: Assets/quit.png
  artifactKey: Guid(8016c686daa436d44ae6732da655ade3) Importer(815301076,1909f56bfc062723c751e8b465ee728b)
Start importing Assets/quit.png using Guid(8016c686daa436d44ae6732da655ade3) Importer(815301076,1909f56bfc062723c751e8b465ee728b)  -> (artifact id: '55d128b1671c04928e7d2d3a40a61546') in 0.013418 seconds
  Import took 0.016194 seconds .

========================================================================
Received Import Request.
  Time since last request: 0.001449 seconds.
  path: Assets/quit.png
  artifactKey: Guid(8016c686daa436d44ae6732da655ade3) Importer(815301076,1909f56bfc062723c751e8b465ee728b)
Start importing Assets/quit.png using Guid(8016c686daa436d44ae6732da655ade3) Importer(815301076,1909f56bfc062723c751e8b465ee728b)  -> (artifact id: '55d128b1671c04928e7d2d3a40a61546') in 0.014622 seconds
  Import took 0.017216 seconds .

========================================================================
Received Import Request.
  Time since last request: 111.414194 seconds.
  path: Assets/coollogo_com-30038932.png
  artifactKey: Guid(9d24a381d24e14f42862d5fc0bfad98d) Importer(815301076,1909f56bfc062723c751e8b465ee728b)
Start importing Assets/coollogo_com-30038932.png using Guid(9d24a381d24e14f42862d5fc0bfad98d) Importer(815301076,1909f56bfc062723c751e8b465ee728b)  -> (artifact id: 'de1e2daab6f33d8f00ab362c12c235d9') in 0.012207 seconds
  Import took 0.015129 seconds .

========================================================================
Received Import Request.
  Time since last request: 0.002437 seconds.
  path: Assets/coollogo_com-30038932.png
  artifactKey: Guid(9d24a381d24e14f42862d5fc0bfad98d) Importer(815301076,1909f56bfc062723c751e8b465ee728b)
Start importing Assets/coollogo_com-30038932.png using Guid(9d24a381d24e14f42862d5fc0bfad98d) Importer(815301076,1909f56bfc062723c751e8b465ee728b)  -> (artifact id: 'de1e2daab6f33d8f00ab362c12c235d9') in 0.009515 seconds
  Import took 0.012212 seconds .

========================================================================
Received Prepare
Registering precompiled user dll's ...
Registered in 0.000736 seconds.
Begin MonoManager ReloadAssembly
Native extension for WindowsStandalone target not found
Refreshing native plugins compatible for Editor in 0.36 ms, found 1 plugins.
Preloading 0 native plugins for Editor in 0.00 ms.
Invoked RoslynAnalysisRunner static constructor.
RoslynAnalysisRunner will not be running.
RoslynAnalysisRunner has terminated.
Mono: successfully reloaded assembly
- Completed reload, in  0.666 seconds
Platform modules already initialized, skipping
Refreshing native plugins compatible for Editor in 0.34 ms, found 1 plugins.
Preloading 0 native plugins for Editor in 0.00 ms.
Unloading 1801 Unused Serialized files (Serialized files now loaded: 0)
System memory in use before: 90.6 MB.
System memory in use after: 90.0 MB.

Unloading 25 unused Assets to reduce memory usage. Loaded Objects now: 2370.
Total: 2.183500 ms (FindLiveObjects: 0.221600 ms CreateObjectMapping: 0.044400 ms MarkObjects: 1.598100 ms  DeleteObjects: 0.318100 ms)

========================================================================
Received Import Request.
  Time since last request: 143.769132 seconds.
  path: Assets/Scripts/SceneManager.cs
  artifactKey: Guid(75d83d668a9a7e04b92c6fc86a11d42b) Importer(815301076,1909f56bfc062723c751e8b465ee728b)
Start importing Assets/Scripts/SceneManager.cs using Guid(75d83d668a9a7e04b92c6fc86a11d42b) Importer(815301076,1909f56bfc062723c751e8b465ee728b)  -> (artifact id: '525e673f24e7e3d9ee54e2d3a00bd169') in 0.008643 seconds
  Import took 0.011468 seconds .

========================================================================
Received Import Request.
  Time since last request: 0.000286 seconds.
  path: Assets/Scripts/SceneManager.cs
  artifactKey: Guid(75d83d668a9a7e04b92c6fc86a11d42b) Importer(815301076,1909f56bfc062723c751e8b465ee728b)
Start importing Assets/Scripts/SceneManager.cs using Guid(75d83d668a9a7e04b92c6fc86a11d42b) Importer(815301076,1909f56bfc062723c751e8b465ee728b)  -> (artifact id: '525e673f24e7e3d9ee54e2d3a00bd169') in 0.001954 seconds
  Import took 0.004608 seconds .

========================================================================
Received Prepare
Registering precompiled user dll's ...
Registered in 0.000705 seconds.
Begin MonoManager ReloadAssembly
Native extension for WindowsStandalone target not found
Refreshing native plugins compatible for Editor in 0.35 ms, found 1 plugins.
Preloading 0 native plugins for Editor in 0.00 ms.
Invoked RoslynAnalysisRunner static constructor.
RoslynAnalysisRunner will not be running.
RoslynAnalysisRunner has terminated.
Mono: successfully reloaded assembly
- Completed reload, in  0.682 seconds
Platform modules already initialized, skipping
Refreshing native plugins compatible for Editor in 0.35 ms, found 1 plugins.
Preloading 0 native plugins for Editor in 0.00 ms.
Unloading 1802 Unused Serialized files (Serialized files now loaded: 0)
System memory in use before: 90.7 MB.
System memory in use after: 90.1 MB.

Unloading 25 unused Assets to reduce memory usage. Loaded Objects now: 2374.
Total: 1.966100 ms (FindLiveObjects: 0.195300 ms CreateObjectMapping: 0.039800 ms MarkObjects: 1.406100 ms  DeleteObjects: 0.324200 ms)

========================================================================
Received Import Request.
  Time since last request: 988.355430 seconds.
  path: Assets/Scripts/SceneManager.cs
  artifactKey: Guid(75d83d668a9a7e04b92c6fc86a11d42b) Importer(815301076,1909f56bfc062723c751e8b465ee728b)
Start importing Assets/Scripts/SceneManager.cs using Guid(75d83d668a9a7e04b92c6fc86a11d42b) Importer(815301076,1909f56bfc062723c751e8b465ee728b)  -> (artifact id: 'e873d6a954b979d4663b048250ff9831') in 0.005056 seconds
  Import took 0.008403 seconds .

========================================================================
Received Import Request.
  Time since last request: 0.000292 seconds.
  path: Assets/Scripts/SceneManager.cs
  artifactKey: Guid(75d83d668a9a7e04b92c6fc86a11d42b) Importer(815301076,1909f56bfc062723c751e8b465ee728b)
Start importing Assets/Scripts/SceneManager.cs using Guid(75d83d668a9a7e04b92c6fc86a11d42b) Importer(815301076,1909f56bfc062723c751e8b465ee728b)  -> (artifact id: 'e873d6a954b979d4663b048250ff9831') in 0.001824 seconds
  Import took 0.004414 seconds .

========================================================================
Received Prepare
Registering precompiled user dll's ...
Registered in 0.000769 seconds.
Begin MonoManager ReloadAssembly
Native extension for WindowsStandalone target not found
Refreshing native plugins compatible for Editor in 0.35 ms, found 1 plugins.
Preloading 0 native plugins for Editor in 0.00 ms.
Invoked RoslynAnalysisRunner static constructor.
RoslynAnalysisRunner will not be running.
RoslynAnalysisRunner has terminated.
Mono: successfully reloaded assembly
- Completed reload, in  0.679 seconds
Platform modules already initialized, skipping
Refreshing native plugins compatible for Editor in 0.39 ms, found 1 plugins.
Preloading 0 native plugins for Editor in 0.00 ms.
Unloading 1801 Unused Serialized files (Serialized files now loaded: 0)
System memory in use before: 90.7 MB.
System memory in use after: 90.1 MB.

Unloading 26 unused Assets to reduce memory usage. Loaded Objects now: 2376.
Total: 2.763900 ms (FindLiveObjects: 0.285700 ms CreateObjectMapping: 0.042500 ms MarkObjects: 1.988400 ms  DeleteObjects: 0.445700 ms)

========================================================================
Received Import Request.
  Time since last request: 16.190830 seconds.
  path: Assets/Scripts/SceneChanger.cs
  artifactKey: Guid(4a17b24a66971a6488eb139045e36eef) Importer(815301076,1909f56bfc062723c751e8b465ee728b)
Start importing Assets/Scripts/SceneChanger.cs using Guid(4a17b24a66971a6488eb139045e36eef) Importer(815301076,1909f56bfc062723c751e8b465ee728b)  -> (artifact id: '35ae57d605bc05f86d02e16717b4d614') in 0.009895 seconds
  Import took 0.013089 seconds .

========================================================================
Received Prepare
Registering precompiled user dll's ...
Registered in 0.000764 seconds.
Begin MonoManager ReloadAssembly
Native extension for WindowsStandalone target not found
Refreshing native plugins compatible for Editor in 0.41 ms, found 1 plugins.
Preloading 0 native plugins for Editor in 0.00 ms.
Invoked RoslynAnalysisRunner static constructor.
RoslynAnalysisRunner will not be running.
RoslynAnalysisRunner has terminated.
Mono: successfully reloaded assembly
- Completed reload, in  0.702 seconds
Platform modules already initialized, skipping
Refreshing native plugins compatible for Editor in 0.49 ms, found 1 plugins.
Preloading 0 native plugins for Editor in 0.00 ms.
Unloading 1802 Unused Serialized files (Serialized files now loaded: 0)
System memory in use before: 90.8 MB.
System memory in use after: 90.2 MB.

Unloading 25 unused Assets to reduce memory usage. Loaded Objects now: 2380.
Total: 2.508500 ms (FindLiveObjects: 0.293500 ms CreateObjectMapping: 0.045100 ms MarkObjects: 1.822300 ms  DeleteObjects: 0.346300 ms)

========================================================================
Received Import Request.
  Time since last request: 44.274143 seconds.
  path: Assets/Scripts/SceneChanger.cs
  artifactKey: Guid(4a17b24a66971a6488eb139045e36eef) Importer(815301076,1909f56bfc062723c751e8b465ee728b)
Start importing Assets/Scripts/SceneChanger.cs using Guid(4a17b24a66971a6488eb139045e36eef) Importer(815301076,1909f56bfc062723c751e8b465ee728b)  -> (artifact id: '6b06c62af6e43b09cddedd2b2bce0f71') in 0.007928 seconds
  Import took 0.011113 seconds .

========================================================================
Received Import Request.
  Time since last request: 0.000862 seconds.
  path: Assets/Scripts/SceneChanger.cs
  artifactKey: Guid(4a17b24a66971a6488eb139045e36eef) Importer(815301076,1909f56bfc062723c751e8b465ee728b)
Start importing Assets/Scripts/SceneChanger.cs using Guid(4a17b24a66971a6488eb139045e36eef) Importer(815301076,1909f56bfc062723c751e8b465ee728b)  -> (artifact id: '6b06c62af6e43b09cddedd2b2bce0f71') in 0.001695 seconds
  Import took 0.003976 seconds .

========================================================================
Received Prepare
Registering precompiled user dll's ...
Registered in 0.000768 seconds.
Begin MonoManager ReloadAssembly
Native extension for WindowsStandalone target not found
Refreshing native plugins compatible for Editor in 0.35 ms, found 1 plugins.
Preloading 0 native plugins for Editor in 0.00 ms.
Invoked RoslynAnalysisRunner static constructor.
RoslynAnalysisRunner will not be running.
RoslynAnalysisRunner has terminated.
Mono: successfully reloaded assembly
- Completed reload, in  0.674 seconds
Platform modules already initialized, skipping
Refreshing native plugins compatible for Editor in 0.34 ms, found 1 plugins.
Preloading 0 native plugins for Editor in 0.00 ms.
Unloading 1802 Unused Serialized files (Serialized files now loaded: 0)
System memory in use before: 90.9 MB.
System memory in use after: 90.3 MB.

Unloading 25 unused Assets to reduce memory usage. Loaded Objects now: 2383.
Total: 2.021800 ms (FindLiveObjects: 0.176300 ms CreateObjectMapping: 0.039500 ms MarkObjects: 1.474100 ms  DeleteObjects: 0.331100 ms)

========================================================================
Received Import Request.
  Time since last request: 26.194137 seconds.
  path: Assets/Scripts/SceneChanger.cs
  artifactKey: Guid(4a17b24a66971a6488eb139045e36eef) Importer(815301076,1909f56bfc062723c751e8b465ee728b)
Start importing Assets/Scripts/SceneChanger.cs using Guid(4a17b24a66971a6488eb139045e36eef) Importer(815301076,1909f56bfc062723c751e8b465ee728b)  -> (artifact id: '473c55f69d5260f3da0f79e73f12a841') in 0.003717 seconds
  Import took 0.006197 seconds .

========================================================================
Received Import Request.
  Time since last request: 39.235216 seconds.
  path: Assets/Scenes/SampleScene.unity
  artifactKey: Guid(2cda990e2423bbf4892e6590ba056729) Importer(815301076,1909f56bfc062723c751e8b465ee728b)
Start importing Assets/Scenes/SampleScene.unity using Guid(2cda990e2423bbf4892e6590ba056729) Importer(815301076,1909f56bfc062723c751e8b465ee728b)  -> (artifact id: '27d190179791d686cf9ef038cb7384ea') in 0.011826 seconds
  Import took 0.014607 seconds .

========================================================================
Received Prepare
Registering precompiled user dll's ...
Registered in 0.000779 seconds.
Begin MonoManager ReloadAssembly
Native extension for WindowsStandalone target not found
Refreshing native plugins compatible for Editor in 0.37 ms, found 1 plugins.
Preloading 0 native plugins for Editor in 0.00 ms.
Invoked RoslynAnalysisRunner static constructor.
RoslynAnalysisRunner will not be running.
RoslynAnalysisRunner has terminated.
Mono: successfully reloaded assembly
- Completed reload, in  0.679 seconds
Platform modules already initialized, skipping
Refreshing native plugins compatible for Editor in 0.35 ms, found 1 plugins.
Preloading 0 native plugins for Editor in 0.00 ms.
Unloading 1802 Unused Serialized files (Serialized files now loaded: 0)
System memory in use before: 90.9 MB.
System memory in use after: 90.4 MB.

Unloading 25 unused Assets to reduce memory usage. Loaded Objects now: 2386.
Total: 2.046200 ms (FindLiveObjects: 0.208500 ms CreateObjectMapping: 0.041600 ms MarkObjects: 1.466800 ms  DeleteObjects: 0.328400 ms)

========================================================================
Received Prepare
Registering precompiled user dll's ...
Registered in 0.000724 seconds.
Begin MonoManager ReloadAssembly
Native extension for WindowsStandalone target not found
Refreshing native plugins compatible for Editor in 0.33 ms, found 1 plugins.
Preloading 0 native plugins for Editor in 0.00 ms.
Invoked RoslynAnalysisRunner static constructor.
RoslynAnalysisRunner will not be running.
RoslynAnalysisRunner has terminated.
Mono: successfully reloaded assembly
- Completed reload, in  0.671 seconds
Platform modules already initialized, skipping
Refreshing native plugins compatible for Editor in 0.35 ms, found 1 plugins.
Preloading 0 native plugins for Editor in 0.00 ms.
Unloading 1802 Unused Serialized files (Serialized files now loaded: 0)
System memory in use before: 91.0 MB.
System memory in use after: 90.4 MB.

Unloading 25 unused Assets to reduce memory usage. Loaded Objects now: 2389.
Total: 2.007500 ms (FindLiveObjects: 0.199900 ms CreateObjectMapping: 0.040000 ms MarkObjects: 1.447700 ms  DeleteObjects: 0.319200 ms)

========================================================================
Received Import Request.
  Time since last request: 95.636244 seconds.
  path: Assets/Scenes/MainMenu.unity
  artifactKey: Guid(0ebab265c35311c4eab198d3a3596fe4) Importer(815301076,1909f56bfc062723c751e8b465ee728b)
Start importing Assets/Scenes/MainMenu.unity using Guid(0ebab265c35311c4eab198d3a3596fe4) Importer(815301076,1909f56bfc062723c751e8b465ee728b)  -> (artifact id: '3cd035bcebc851f80cf1b3994aed4a84') in 0.010722 seconds
  Import took 0.013441 seconds .

========================================================================
Received Prepare
Registering precompiled user dll's ...
Registered in 0.000784 seconds.
Begin MonoManager ReloadAssembly
Native extension for WindowsStandalone target not found
Refreshing native plugins compatible for Editor in 0.37 ms, found 1 plugins.
Preloading 0 native plugins for Editor in 0.00 ms.
Invoked RoslynAnalysisRunner static constructor.
RoslynAnalysisRunner will not be running.
RoslynAnalysisRunner has terminated.
Mono: successfully reloaded assembly
- Completed reload, in  0.705 seconds
Platform modules already initialized, skipping
Refreshing native plugins compatible for Editor in 0.36 ms, found 1 plugins.
Preloading 0 native plugins for Editor in 0.00 ms.
Unloading 1802 Unused Serialized files (Serialized files now loaded: 0)
System memory in use before: 91.1 MB.
System memory in use after: 90.5 MB.

Unloading 25 unused Assets to reduce memory usage. Loaded Objects now: 2392.
Total: 2.001300 ms (FindLiveObjects: 0.191600 ms CreateObjectMapping: 0.040800 ms MarkObjects: 1.446000 ms  DeleteObjects: 0.322100 ms)

========================================================================
Received Prepare
Registering precompiled user dll's ...
Registered in 0.000910 seconds.
Begin MonoManager ReloadAssembly
Native extension for WindowsStandalone target not found
Refreshing native plugins compatible for Editor in 0.34 ms, found 1 plugins.
Preloading 0 native plugins for Editor in 0.00 ms.
Invoked RoslynAnalysisRunner static constructor.
RoslynAnalysisRunner will not be running.
RoslynAnalysisRunner has terminated.
Mono: successfully reloaded assembly
- Completed reload, in  0.711 seconds
Platform modules already initialized, skipping
Refreshing native plugins compatible for Editor in 0.38 ms, found 1 plugins.
Preloading 0 native plugins for Editor in 0.00 ms.
Unloading 1802 Unused Serialized files (Serialized files now loaded: 0)
System memory in use before: 91.1 MB.
System memory in use after: 90.6 MB.

Unloading 25 unused Assets to reduce memory usage. Loaded Objects now: 2395.
Total: 2.414000 ms (FindLiveObjects: 0.238000 ms CreateObjectMapping: 0.042200 ms MarkObjects: 1.798800 ms  DeleteObjects: 0.333900 ms)

========================================================================
Received Prepare
Registering precompiled user dll's ...
Registered in 0.000803 seconds.
Begin MonoManager ReloadAssembly
Native extension for WindowsStandalone target not found
Refreshing native plugins compatible for Editor in 0.35 ms, found 1 plugins.
Preloading 0 native plugins for Editor in 0.00 ms.
Invoked RoslynAnalysisRunner static constructor.
RoslynAnalysisRunner will not be running.
RoslynAnalysisRunner has terminated.
Mono: successfully reloaded assembly
- Completed reload, in  0.714 seconds
Platform modules already initialized, skipping
Refreshing native plugins compatible for Editor in 0.29 ms, found 1 plugins.
Preloading 0 native plugins for Editor in 0.00 ms.
Unloading 1802 Unused Serialized files (Serialized files now loaded: 0)
System memory in use before: 91.2 MB.
System memory in use after: 90.6 MB.

Unloading 25 unused Assets to reduce memory usage. Loaded Objects now: 2398.
Total: 2.042900 ms (FindLiveObjects: 0.205000 ms CreateObjectMapping: 0.039500 ms MarkObjects: 1.459900 ms  DeleteObjects: 0.337400 ms)

========================================================================
Received Prepare
Registering precompiled user dll's ...
Registered in 0.000892 seconds.
Begin MonoManager ReloadAssembly
Native extension for WindowsStandalone target not found
Refreshing native plugins compatible for Editor in 0.35 ms, found 1 plugins.
Preloading 0 native plugins for Editor in 0.00 ms.
Invoked RoslynAnalysisRunner static constructor.
RoslynAnalysisRunner will not be running.
RoslynAnalysisRunner has terminated.
Mono: successfully reloaded assembly
- Completed reload, in  0.654 seconds
Platform modules already initialized, skipping
Refreshing native plugins compatible for Editor in 0.34 ms, found 1 plugins.
Preloading 0 native plugins for Editor in 0.00 ms.
Unloading 1802 Unused Serialized files (Serialized files now loaded: 0)
System memory in use before: 91.2 MB.
System memory in use after: 90.7 MB.

Unloading 25 unused Assets to reduce memory usage. Loaded Objects now: 2401.
Total: 2.032800 ms (FindLiveObjects: 0.185300 ms CreateObjectMapping: 0.039800 ms MarkObjects: 1.463800 ms  DeleteObjects: 0.343200 ms)

========================================================================
Received Import Request.
  Time since last request: 368.658179 seconds.
  path: Assets/Scripts/BluePaddleMovement.cs
  artifactKey: Guid(ce05f3de1d782cb4e9011f2411af7a63) Importer(815301076,1909f56bfc062723c751e8b465ee728b)
Start importing Assets/Scripts/BluePaddleMovement.cs using Guid(ce05f3de1d782cb4e9011f2411af7a63) Importer(815301076,1909f56bfc062723c751e8b465ee728b)  -> (artifact id: '864cd1c49d3788f981ce1792ea3d8029') in 0.007450 seconds
  Import took 0.010443 seconds .

========================================================================
Received Import Request.
  Time since last request: 0.000310 seconds.
  path: Assets/Scripts/BluePaddleMovement.cs
  artifactKey: Guid(ce05f3de1d782cb4e9011f2411af7a63) Importer(815301076,1909f56bfc062723c751e8b465ee728b)
Start importing Assets/Scripts/BluePaddleMovement.cs using Guid(ce05f3de1d782cb4e9011f2411af7a63) Importer(815301076,1909f56bfc062723c751e8b465ee728b)  -> (artifact id: '864cd1c49d3788f981ce1792ea3d8029') in 0.001951 seconds
  Import took 0.004506 seconds .

========================================================================
Received Import Request.
  Time since last request: 13.776781 seconds.
  path: Assets/Scripts/RedPaddleMovement.cs
  artifactKey: Guid(bb804b9a781ef354584f0ee8280272aa) Importer(815301076,1909f56bfc062723c751e8b465ee728b)
Start importing Assets/Scripts/RedPaddleMovement.cs using Guid(bb804b9a781ef354584f0ee8280272aa) Importer(815301076,1909f56bfc062723c751e8b465ee728b)  -> (artifact id: 'bbe925f1e15bcf53879d5cd5e6d8db70') in 0.008218 seconds
  Import took 0.012091 seconds .

========================================================================
Received Import Request.
  Time since last request: 0.000686 seconds.
  path: Assets/Scripts/RedPaddleMovement.cs
  artifactKey: Guid(bb804b9a781ef354584f0ee8280272aa) Importer(815301076,1909f56bfc062723c751e8b465ee728b)
Start importing Assets/Scripts/RedPaddleMovement.cs using Guid(bb804b9a781ef354584f0ee8280272aa) Importer(815301076,1909f56bfc062723c751e8b465ee728b)  -> (artifact id: 'bbe925f1e15bcf53879d5cd5e6d8db70') in 0.003367 seconds
  Import took 0.006235 seconds .

========================================================================
Received Prepare
Registering precompiled user dll's ...
Registered in 0.000733 seconds.
Begin MonoManager ReloadAssembly
Native extension for WindowsStandalone target not found
Refreshing native plugins compatible for Editor in 0.38 ms, found 1 plugins.
Preloading 0 native plugins for Editor in 0.00 ms.
Invoked RoslynAnalysisRunner static constructor.
RoslynAnalysisRunner will not be running.
RoslynAnalysisRunner has terminated.
Mono: successfully reloaded assembly
- Completed reload, in  0.671 seconds
Platform modules already initialized, skipping
Refreshing native plugins compatible for Editor in 0.35 ms, found 1 plugins.
Preloading 0 native plugins for Editor in 0.00 ms.
Unloading 1803 Unused Serialized files (Serialized files now loaded: 0)
System memory in use before: 90.4 MB.
System memory in use after: 89.8 MB.

Unloading 25 unused Assets to reduce memory usage. Loaded Objects now: 2405.
Total: 2.013600 ms (FindLiveObjects: 0.195900 ms CreateObjectMapping: 0.047000 ms MarkObjects: 1.455700 ms  DeleteObjects: 0.314200 ms)

========================================================================
Received Import Request.
  Time since last request: 25.590534 seconds.
  path: Assets/Scripts/RedPaddleMovement.cs
  artifactKey: Guid(bb804b9a781ef354584f0ee8280272aa) Importer(815301076,1909f56bfc062723c751e8b465ee728b)
Start importing Assets/Scripts/RedPaddleMovement.cs using Guid(bb804b9a781ef354584f0ee8280272aa) Importer(815301076,1909f56bfc062723c751e8b465ee728b)  -> (artifact id: '2acd8473dff9a671941a3c93dfc77585') in 0.004337 seconds
  Import took 0.007159 seconds .

========================================================================
Received Import Request.
  Time since last request: 0.000245 seconds.
  path: Assets/Scripts/RedPaddleMovement.cs
  artifactKey: Guid(bb804b9a781ef354584f0ee8280272aa) Importer(815301076,1909f56bfc062723c751e8b465ee728b)
Start importing Assets/Scripts/RedPaddleMovement.cs using Guid(bb804b9a781ef354584f0ee8280272aa) Importer(815301076,1909f56bfc062723c751e8b465ee728b)  -> (artifact id: '2acd8473dff9a671941a3c93dfc77585') in 0.001546 seconds
  Import took 0.004270 seconds .

========================================================================
Received Prepare
Registering precompiled user dll's ...
Registered in 0.000935 seconds.
Begin MonoManager ReloadAssembly
Native extension for WindowsStandalone target not found
Refreshing native plugins compatible for Editor in 0.37 ms, found 1 plugins.
Preloading 0 native plugins for Editor in 0.00 ms.
Invoked RoslynAnalysisRunner static constructor.
RoslynAnalysisRunner will not be running.
RoslynAnalysisRunner has terminated.
Mono: successfully reloaded assembly
- Completed reload, in  0.673 seconds
Platform modules already initialized, skipping
Refreshing native plugins compatible for Editor in 0.37 ms, found 1 plugins.
Preloading 0 native plugins for Editor in 0.00 ms.
Unloading 1803 Unused Serialized files (Serialized files now loaded: 0)
System memory in use before: 90.4 MB.
System memory in use after: 89.8 MB.

Unloading 25 unused Assets to reduce memory usage. Loaded Objects now: 2408.
Total: 2.270500 ms (FindLiveObjects: 0.225600 ms CreateObjectMapping: 0.042600 ms MarkObjects: 1.666600 ms  DeleteObjects: 0.334500 ms)

========================================================================
Received Prepare
Registering precompiled user dll's ...
Registered in 0.000819 seconds.
Begin MonoManager ReloadAssembly
Native extension for WindowsStandalone target not found
Refreshing native plugins compatible for Editor in 0.35 ms, found 1 plugins.
Preloading 0 native plugins for Editor in 0.00 ms.
Invoked RoslynAnalysisRunner static constructor.
RoslynAnalysisRunner will not be running.
RoslynAnalysisRunner has terminated.
Mono: successfully reloaded assembly
- Completed reload, in  0.671 seconds
Platform modules already initialized, skipping
Refreshing native plugins compatible for Editor in 0.35 ms, found 1 plugins.
Preloading 0 native plugins for Editor in 0.00 ms.
Unloading 1803 Unused Serialized files (Serialized files now loaded: 0)
System memory in use before: 90.5 MB.
System memory in use after: 89.9 MB.

Unloading 25 unused Assets to reduce memory usage. Loaded Objects now: 2411.
Total: 2.035700 ms (FindLiveObjects: 0.202400 ms CreateObjectMapping: 0.046500 ms MarkObjects: 1.463900 ms  DeleteObjects: 0.321900 ms)

========================================================================
Received Prepare
Registering precompiled user dll's ...
Registered in 0.000876 seconds.
Begin MonoManager ReloadAssembly
Native extension for WindowsStandalone target not found
Refreshing native plugins compatible for Editor in 0.38 ms, found 1 plugins.
Preloading 0 native plugins for Editor in 0.00 ms.
Invoked RoslynAnalysisRunner static constructor.
RoslynAnalysisRunner will not be running.
RoslynAnalysisRunner has terminated.
Mono: successfully reloaded assembly
- Completed reload, in  0.720 seconds
Platform modules already initialized, skipping
Refreshing native plugins compatible for Editor in 0.39 ms, found 1 plugins.
Preloading 0 native plugins for Editor in 0.00 ms.
Unloading 1803 Unused Serialized files (Serialized files now loaded: 0)
System memory in use before: 90.6 MB.
System memory in use after: 90.0 MB.

Unloading 25 unused Assets to reduce memory usage. Loaded Objects now: 2414.
Total: 2.254100 ms (FindLiveObjects: 0.339100 ms CreateObjectMapping: 0.061800 ms MarkObjects: 1.515800 ms  DeleteObjects: 0.336400 ms)

========================================================================
Received Prepare
Registering precompiled user dll's ...
Registered in 0.000832 seconds.
Begin MonoManager ReloadAssembly
Native extension for WindowsStandalone target not found
Refreshing native plugins compatible for Editor in 0.34 ms, found 1 plugins.
Preloading 0 native plugins for Editor in 0.00 ms.
Invoked RoslynAnalysisRunner static constructor.
RoslynAnalysisRunner will not be running.
RoslynAnalysisRunner has terminated.
Mono: successfully reloaded assembly
- Completed reload, in  0.689 seconds
Platform modules already initialized, skipping
Refreshing native plugins compatible for Editor in 0.34 ms, found 1 plugins.
Preloading 0 native plugins for Editor in 0.00 ms.
Unloading 1803 Unused Serialized files (Serialized files now loaded: 0)
System memory in use before: 90.6 MB.
System memory in use after: 90.0 MB.

Unloading 25 unused Assets to reduce memory usage. Loaded Objects now: 2417.
Total: 2.019200 ms (FindLiveObjects: 0.194500 ms CreateObjectMapping: 0.039900 ms MarkObjects: 1.467300 ms  DeleteObjects: 0.316300 ms)

========================================================================
Received Prepare
Registering precompiled user dll's ...
Registered in 0.000754 seconds.
Begin MonoManager ReloadAssembly
Native extension for WindowsStandalone target not found
Refreshing native plugins compatible for Editor in 0.38 ms, found 1 plugins.
Preloading 0 native plugins for Editor in 0.00 ms.
Invoked RoslynAnalysisRunner static constructor.
RoslynAnalysisRunner will not be running.
RoslynAnalysisRunner has terminated.
Mono: successfully reloaded assembly
- Completed reload, in  0.672 seconds
Platform modules already initialized, skipping
Refreshing native plugins compatible for Editor in 0.35 ms, found 1 plugins.
Preloading 0 native plugins for Editor in 0.00 ms.
Unloading 1803 Unused Serialized files (Serialized files now loaded: 0)
System memory in use before: 90.7 MB.
System memory in use after: 90.1 MB.

Unloading 25 unused Assets to reduce memory usage. Loaded Objects now: 2420.
Total: 2.150000 ms (FindLiveObjects: 0.197000 ms CreateObjectMapping: 0.040300 ms MarkObjects: 1.570500 ms  DeleteObjects: 0.341500 ms)

========================================================================
Received Prepare
Registering precompiled user dll's ...
Registered in 0.001087 seconds.
Begin MonoManager ReloadAssembly
Native extension for WindowsStandalone target not found
Refreshing native plugins compatible for Editor in 0.35 ms, found 1 plugins.
Preloading 0 native plugins for Editor in 0.00 ms.
Invoked RoslynAnalysisRunner static constructor.
RoslynAnalysisRunner will not be running.
RoslynAnalysisRunner has terminated.
Mono: successfully reloaded assembly
- Completed reload, in  0.677 seconds
Platform modules already initialized, skipping
Refreshing native plugins compatible for Editor in 0.35 ms, found 1 plugins.
Preloading 0 native plugins for Editor in 0.00 ms.
Unloading 1803 Unused Serialized files (Serialized files now loaded: 0)
System memory in use before: 90.7 MB.
System memory in use after: 90.2 MB.

Unloading 25 unused Assets to reduce memory usage. Loaded Objects now: 2423.
Total: 2.184500 ms (FindLiveObjects: 0.215000 ms CreateObjectMapping: 0.045200 ms MarkObjects: 1.590100 ms  DeleteObjects: 0.333100 ms)

========================================================================
Received Prepare
Registering precompiled user dll's ...
Registered in 0.000881 seconds.
Begin MonoManager ReloadAssembly
Native extension for WindowsStandalone target not found
Refreshing native plugins compatible for Editor in 0.36 ms, found 1 plugins.
Preloading 0 native plugins for Editor in 0.00 ms.
Invoked RoslynAnalysisRunner static constructor.
RoslynAnalysisRunner will not be running.
RoslynAnalysisRunner has terminated.
Mono: successfully reloaded assembly
- Completed reload, in  0.718 seconds
Platform modules already initialized, skipping
Refreshing native plugins compatible for Editor in 0.37 ms, found 1 plugins.
Preloading 0 native plugins for Editor in 0.00 ms.
Unloading 1803 Unused Serialized files (Serialized files now loaded: 0)
System memory in use before: 90.8 MB.
System memory in use after: 90.2 MB.

Unloading 25 unused Assets to reduce memory usage. Loaded Objects now: 2426.
Total: 2.296500 ms (FindLiveObjects: 0.278800 ms CreateObjectMapping: 0.041500 ms MarkObjects: 1.639800 ms  DeleteObjects: 0.335400 ms)

========================================================================
Received Prepare
Registering precompiled user dll's ...
Registered in 0.000791 seconds.
Begin MonoManager ReloadAssembly
Native extension for WindowsStandalone target not found
Refreshing native plugins compatible for Editor in 0.35 ms, found 1 plugins.
Preloading 0 native plugins for Editor in 0.00 ms.
Invoked RoslynAnalysisRunner static constructor.
RoslynAnalysisRunner will not be running.
RoslynAnalysisRunner has terminated.
Mono: successfully reloaded assembly
- Completed reload, in  0.662 seconds
Platform modules already initialized, skipping
Refreshing native plugins compatible for Editor in 0.35 ms, found 1 plugins.
Preloading 0 native plugins for Editor in 0.00 ms.
Unloading 1803 Unused Serialized files (Serialized files now loaded: 0)
System memory in use before: 90.9 MB.
System memory in use after: 90.3 MB.

Unloading 25 unused Assets to reduce memory usage. Loaded Objects now: 2429.
Total: 2.158400 ms (FindLiveObjects: 0.271100 ms CreateObjectMapping: 0.043000 ms MarkObjects: 1.520500 ms  DeleteObjects: 0.323000 ms)

========================================================================
Received Prepare
Registering precompiled user dll's ...
Registered in 0.000777 seconds.
Begin MonoManager ReloadAssembly
Native extension for WindowsStandalone target not found
Refreshing native plugins compatible for Editor in 0.35 ms, found 1 plugins.
Preloading 0 native plugins for Editor in 0.00 ms.
Invoked RoslynAnalysisRunner static constructor.
RoslynAnalysisRunner will not be running.
RoslynAnalysisRunner has terminated.
Mono: successfully reloaded assembly
- Completed reload, in  0.674 seconds
Platform modules already initialized, skipping
Refreshing native plugins compatible for Editor in 0.34 ms, found 1 plugins.
Preloading 0 native plugins for Editor in 0.00 ms.
Unloading 1803 Unused Serialized files (Serialized files now loaded: 0)
System memory in use before: 90.9 MB.
System memory in use after: 90.4 MB.

Unloading 25 unused Assets to reduce memory usage. Loaded Objects now: 2432.
Total: 2.719800 ms (FindLiveObjects: 0.289100 ms CreateObjectMapping: 0.062700 ms MarkObjects: 2.031500 ms  DeleteObjects: 0.335500 ms)

========================================================================
Received Prepare
Registering precompiled user dll's ...
Registered in 0.000848 seconds.
Begin MonoManager ReloadAssembly
Native extension for WindowsStandalone target not found
Refreshing native plugins compatible for Editor in 0.36 ms, found 1 plugins.
Preloading 0 native plugins for Editor in 0.00 ms.
Invoked RoslynAnalysisRunner static constructor.
RoslynAnalysisRunner will not be running.
RoslynAnalysisRunner has terminated.
Mono: successfully reloaded assembly
- Completed reload, in  0.671 seconds
Platform modules already initialized, skipping
Refreshing native plugins compatible for Editor in 0.34 ms, found 1 plugins.
Preloading 0 native plugins for Editor in 0.00 ms.
Unloading 1803 Unused Serialized files (Serialized files now loaded: 0)
System memory in use before: 91.0 MB.
System memory in use after: 90.4 MB.

Unloading 25 unused Assets to reduce memory usage. Loaded Objects now: 2435.
Total: 2.014500 ms (FindLiveObjects: 0.200000 ms CreateObjectMapping: 0.040200 ms MarkObjects: 1.454500 ms  DeleteObjects: 0.318600 ms)

========================================================================
Received Prepare
Registering precompiled user dll's ...
Registered in 0.000767 seconds.
Begin MonoManager ReloadAssembly
Native extension for WindowsStandalone target not found
Refreshing native plugins compatible for Editor in 0.36 ms, found 1 plugins.
Preloading 0 native plugins for Editor in 0.00 ms.
Invoked RoslynAnalysisRunner static constructor.
RoslynAnalysisRunner will not be running.
RoslynAnalysisRunner has terminated.
Mono: successfully reloaded assembly
- Completed reload, in  0.675 seconds
Platform modules already initialized, skipping
Refreshing native plugins compatible for Editor in 0.35 ms, found 1 plugins.
Preloading 0 native plugins for Editor in 0.00 ms.
Unloading 1803 Unused Serialized files (Serialized files now loaded: 0)
System memory in use before: 91.1 MB.
System memory in use after: 90.5 MB.

Unloading 25 unused Assets to reduce memory usage. Loaded Objects now: 2438.
Total: 2.308500 ms (FindLiveObjects: 0.291100 ms CreateObjectMapping: 0.055900 ms MarkObjects: 1.630900 ms  DeleteObjects: 0.329500 ms)

========================================================================
Received Prepare
Registering precompiled user dll's ...
Registered in 0.000749 seconds.
Begin MonoManager ReloadAssembly
Native extension for WindowsStandalone target not found
Refreshing native plugins compatible for Editor in 0.35 ms, found 1 plugins.
Preloading 0 native plugins for Editor in 0.00 ms.
Invoked RoslynAnalysisRunner static constructor.
RoslynAnalysisRunner will not be running.
RoslynAnalysisRunner has terminated.
Mono: successfully reloaded assembly
- Completed reload, in  0.661 seconds
Platform modules already initialized, skipping
Refreshing native plugins compatible for Editor in 0.35 ms, found 1 plugins.
Preloading 0 native plugins for Editor in 0.00 ms.
Unloading 1803 Unused Serialized files (Serialized files now loaded: 0)
System memory in use before: 91.1 MB.
System memory in use after: 90.6 MB.

Unloading 25 unused Assets to reduce memory usage. Loaded Objects now: 2441.
Total: 2.108200 ms (FindLiveObjects: 0.194800 ms CreateObjectMapping: 0.045100 ms MarkObjects: 1.522200 ms  DeleteObjects: 0.345100 ms)

========================================================================
Received Prepare
Registering precompiled user dll's ...
Registered in 0.000790 seconds.
Begin MonoManager ReloadAssembly
Native extension for WindowsStandalone target not found
Refreshing native plugins compatible for Editor in 0.35 ms, found 1 plugins.
Preloading 0 native plugins for Editor in 0.00 ms.
Invoked RoslynAnalysisRunner static constructor.
RoslynAnalysisRunner will not be running.
RoslynAnalysisRunner has terminated.
Mono: successfully reloaded assembly
- Completed reload, in  0.663 seconds
Platform modules already initialized, skipping
Refreshing native plugins compatible for Editor in 0.34 ms, found 1 plugins.
Preloading 0 native plugins for Editor in 0.00 ms.
Unloading 1803 Unused Serialized files (Serialized files now loaded: 0)
System memory in use before: 91.2 MB.
System memory in use after: 90.6 MB.

Unloading 25 unused Assets to reduce memory usage. Loaded Objects now: 2444.
Total: 2.224000 ms (FindLiveObjects: 0.209500 ms CreateObjectMapping: 0.045400 ms MarkObjects: 1.636300 ms  DeleteObjects: 0.332000 ms)

========================================================================
Received Prepare
Registering precompiled user dll's ...
Registered in 0.000759 seconds.
Begin MonoManager ReloadAssembly
Native extension for WindowsStandalone target not found
Refreshing native plugins compatible for Editor in 0.35 ms, found 1 plugins.
Preloading 0 native plugins for Editor in 0.00 ms.
Invoked RoslynAnalysisRunner static constructor.
RoslynAnalysisRunner will not be running.
RoslynAnalysisRunner has terminated.
Mono: successfully reloaded assembly
- Completed reload, in  0.671 seconds
Platform modules already initialized, skipping
Refreshing native plugins compatible for Editor in 0.36 ms, found 1 plugins.
Preloading 0 native plugins for Editor in 0.00 ms.
Unloading 1803 Unused Serialized files (Serialized files now loaded: 0)
System memory in use before: 91.3 MB.
System memory in use after: 90.7 MB.

Unloading 25 unused Assets to reduce memory usage. Loaded Objects now: 2447.
Total: 2.220500 ms (FindLiveObjects: 0.216100 ms CreateObjectMapping: 0.043000 ms MarkObjects: 1.626300 ms  DeleteObjects: 0.334200 ms)

========================================================================
Received Prepare
Registering precompiled user dll's ...
Registered in 0.000724 seconds.
Begin MonoManager ReloadAssembly
Native extension for WindowsStandalone target not found
Refreshing native plugins compatible for Editor in 0.36 ms, found 1 plugins.
Preloading 0 native plugins for Editor in 0.00 ms.
Invoked RoslynAnalysisRunner static constructor.
RoslynAnalysisRunner will not be running.
RoslynAnalysisRunner has terminated.
Mono: successfully reloaded assembly
- Completed reload, in  0.667 seconds
Platform modules already initialized, skipping
Refreshing native plugins compatible for Editor in 0.35 ms, found 1 plugins.
Preloading 0 native plugins for Editor in 0.00 ms.
Unloading 1803 Unused Serialized files (Serialized files now loaded: 0)
System memory in use before: 91.3 MB.
System memory in use after: 90.8 MB.

Unloading 25 unused Assets to reduce memory usage. Loaded Objects now: 2450.
Total: 2.119400 ms (FindLiveObjects: 0.226500 ms CreateObjectMapping: 0.048000 ms MarkObjects: 1.517400 ms  DeleteObjects: 0.326400 ms)

========================================================================
Received Prepare
Registering precompiled user dll's ...
Registered in 0.000749 seconds.
Begin MonoManager ReloadAssembly
Native extension for WindowsStandalone target not found
Refreshing native plugins compatible for Editor in 0.36 ms, found 1 plugins.
Preloading 0 native plugins for Editor in 0.00 ms.
Invoked RoslynAnalysisRunner static constructor.
RoslynAnalysisRunner will not be running.
RoslynAnalysisRunner has terminated.
Mono: successfully reloaded assembly
- Completed reload, in  0.685 seconds
Platform modules already initialized, skipping
Refreshing native plugins compatible for Editor in 0.35 ms, found 1 plugins.
Preloading 0 native plugins for Editor in 0.00 ms.
Unloading 1803 Unused Serialized files (Serialized files now loaded: 0)
System memory in use before: 91.4 MB.
System memory in use after: 90.8 MB.

Unloading 25 unused Assets to reduce memory usage. Loaded Objects now: 2453.
Total: 2.055100 ms (FindLiveObjects: 0.195000 ms CreateObjectMapping: 0.047900 ms MarkObjects: 1.484400 ms  DeleteObjects: 0.326900 ms)

========================================================================
Received Prepare
Registering precompiled user dll's ...
Registered in 0.000827 seconds.
Begin MonoManager ReloadAssembly
Native extension for WindowsStandalone target not found
Refreshing native plugins compatible for Editor in 0.39 ms, found 1 plugins.
Preloading 0 native plugins for Editor in 0.00 ms.
Invoked RoslynAnalysisRunner static constructor.
RoslynAnalysisRunner will not be running.
RoslynAnalysisRunner has terminated.
Mono: successfully reloaded assembly
- Completed reload, in  0.758 seconds
Platform modules already initialized, skipping
Refreshing native plugins compatible for Editor in 0.37 ms, found 1 plugins.
Preloading 0 native plugins for Editor in 0.00 ms.
Unloading 1803 Unused Serialized files (Serialized files now loaded: 0)
System memory in use before: 90.5 MB.
System memory in use after: 89.9 MB.

Unloading 25 unused Assets to reduce memory usage. Loaded Objects now: 2456.
Total: 2.110400 ms (FindLiveObjects: 0.253000 ms CreateObjectMapping: 0.041000 ms MarkObjects: 1.493100 ms  DeleteObjects: 0.322100 ms)

========================================================================
Received Prepare
Registering precompiled user dll's ...
Registered in 0.000741 seconds.
Begin MonoManager ReloadAssembly
Native extension for WindowsStandalone target not found
Refreshing native plugins compatible for Editor in 0.37 ms, found 1 plugins.
Preloading 0 native plugins for Editor in 0.00 ms.
Invoked RoslynAnalysisRunner static constructor.
RoslynAnalysisRunner will not be running.
RoslynAnalysisRunner has terminated.
Mono: successfully reloaded assembly
- Completed reload, in  0.676 seconds
Platform modules already initialized, skipping
Refreshing native plugins compatible for Editor in 0.34 ms, found 1 plugins.
Preloading 0 native plugins for Editor in 0.00 ms.
Unloading 1803 Unused Serialized files (Serialized files now loaded: 0)
System memory in use before: 90.5 MB.
System memory in use after: 89.9 MB.

Unloading 25 unused Assets to reduce memory usage. Loaded Objects now: 2459.
Total: 2.009600 ms (FindLiveObjects: 0.206700 ms CreateObjectMapping: 0.040000 ms MarkObjects: 1.444500 ms  DeleteObjects: 0.317600 ms)

========================================================================
Received Prepare
Registering precompiled user dll's ...
Registered in 0.000727 seconds.
Begin MonoManager ReloadAssembly
Native extension for WindowsStandalone target not found
Refreshing native plugins compatible for Editor in 0.38 ms, found 1 plugins.
Preloading 0 native plugins for Editor in 0.00 ms.
Invoked RoslynAnalysisRunner static constructor.
RoslynAnalysisRunner will not be running.
RoslynAnalysisRunner has terminated.
Mono: successfully reloaded assembly
- Completed reload, in  0.662 seconds
Platform modules already initialized, skipping
Refreshing native plugins compatible for Editor in 0.34 ms, found 1 plugins.
Preloading 0 native plugins for Editor in 0.00 ms.
Unloading 1803 Unused Serialized files (Serialized files now loaded: 0)
System memory in use before: 90.6 MB.
System memory in use after: 90.0 MB.

Unloading 25 unused Assets to reduce memory usage. Loaded Objects now: 2462.
Total: 2.955600 ms (FindLiveObjects: 0.215200 ms CreateObjectMapping: 0.041200 ms MarkObjects: 2.181000 ms  DeleteObjects: 0.517000 ms)

========================================================================
Received Prepare
Refreshing native plugins compatible for Editor in 1.48 ms, found 1 plugins.
Preloading 0 native plugins for Editor in 0.00 ms.
Unloading 23 Unused Serialized files (Serialized files now loaded: 0)
System memory in use before: 55.5 MB.
System memory in use after: 54.9 MB.

Unloading 23 unused Assets to reduce memory usage. Loaded Objects now: 2462.
Total: 2.675200 ms (FindLiveObjects: 0.232300 ms CreateObjectMapping: 0.103100 ms MarkObjects: 1.991000 ms  DeleteObjects: 0.347700 ms)

========================================================================
Received Prepare
Refreshing native plugins compatible for Editor in 1.40 ms, found 1 plugins.
Preloading 0 native plugins for Editor in 0.00 ms.
Unloading 23 Unused Serialized files (Serialized files now loaded: 0)
System memory in use before: 55.5 MB.
System memory in use after: 55.0 MB.

Unloading 23 unused Assets to reduce memory usage. Loaded Objects now: 2462.
Total: 2.248200 ms (FindLiveObjects: 0.216500 ms CreateObjectMapping: 0.048100 ms MarkObjects: 1.609300 ms  DeleteObjects: 0.373400 ms)

========================================================================
Received Prepare
Registering precompiled user dll's ...
Registered in 0.000811 seconds.
Begin MonoManager ReloadAssembly
Native extension for WindowsStandalone target not found
Refreshing native plugins compatible for Editor in 0.35 ms, found 1 plugins.
Preloading 0 native plugins for Editor in 0.00 ms.
Invoked RoslynAnalysisRunner static constructor.
RoslynAnalysisRunner will not be running.
RoslynAnalysisRunner has terminated.
Mono: successfully reloaded assembly
- Completed reload, in  0.665 seconds
Platform modules already initialized, skipping
Refreshing native plugins compatible for Editor in 0.34 ms, found 1 plugins.
Preloading 0 native plugins for Editor in 0.00 ms.
Unloading 1803 Unused Serialized files (Serialized files now loaded: 0)
System memory in use before: 90.8 MB.
System memory in use after: 90.2 MB.

Unloading 25 unused Assets to reduce memory usage. Loaded Objects now: 2465.
Total: 2.077400 ms (FindLiveObjects: 0.194800 ms CreateObjectMapping: 0.045500 ms MarkObjects: 1.498200 ms  DeleteObjects: 0.338000 ms)

========================================================================
Received Prepare
Refreshing native plugins compatible for Editor in 1.47 ms, found 1 plugins.
Preloading 0 native plugins for Editor in 0.00 ms.
Unloading 23 Unused Serialized files (Serialized files now loaded: 0)
System memory in use before: 55.7 MB.
System memory in use after: 55.1 MB.

Unloading 23 unused Assets to reduce memory usage. Loaded Objects now: 2465.
Total: 2.266300 ms (FindLiveObjects: 0.262300 ms CreateObjectMapping: 0.041400 ms MarkObjects: 1.610400 ms  DeleteObjects: 0.351200 ms)

========================================================================
Received Prepare
Refreshing native plugins compatible for Editor in 1.43 ms, found 1 plugins.
Preloading 0 native plugins for Editor in 0.00 ms.
Unloading 23 Unused Serialized files (Serialized files now loaded: 0)
System memory in use before: 55.7 MB.
System memory in use after: 55.1 MB.

Unloading 23 unused Assets to reduce memory usage. Loaded Objects now: 2465.
Total: 2.200000 ms (FindLiveObjects: 0.217900 ms CreateObjectMapping: 0.040400 ms MarkObjects: 1.590300 ms  DeleteObjects: 0.350700 ms)

========================================================================
Received Prepare
Refreshing native plugins compatible for Editor in 1.41 ms, found 1 plugins.
Preloading 0 native plugins for Editor in 0.00 ms.
Unloading 23 Unused Serialized files (Serialized files now loaded: 0)
System memory in use before: 55.8 MB.
System memory in use after: 55.2 MB.

Unloading 23 unused Assets to reduce memory usage. Loaded Objects now: 2465.
Total: 2.308000 ms (FindLiveObjects: 0.240100 ms CreateObjectMapping: 0.040700 ms MarkObjects: 1.671500 ms  DeleteObjects: 0.354600 ms)

========================================================================
Received Prepare
Refreshing native plugins compatible for Editor in 1.44 ms, found 1 plugins.
Preloading 0 native plugins for Editor in 0.00 ms.
Unloading 23 Unused Serialized files (Serialized files now loaded: 0)
System memory in use before: 55.8 MB.
System memory in use after: 55.3 MB.

Unloading 23 unused Assets to reduce memory usage. Loaded Objects now: 2465.
Total: 2.233400 ms (FindLiveObjects: 0.258100 ms CreateObjectMapping: 0.048000 ms MarkObjects: 1.544900 ms  DeleteObjects: 0.381400 ms)

========================================================================
Received Prepare
Refreshing native plugins compatible for Editor in 1.50 ms, found 1 plugins.
Preloading 0 native plugins for Editor in 0.00 ms.
Unloading 23 Unused Serialized files (Serialized files now loaded: 0)
System memory in use before: 55.9 MB.
System memory in use after: 55.3 MB.

Unloading 23 unused Assets to reduce memory usage. Loaded Objects now: 2465.
Total: 2.502200 ms (FindLiveObjects: 0.242100 ms CreateObjectMapping: 0.041600 ms MarkObjects: 1.835600 ms  DeleteObjects: 0.381800 ms)

